#
# There is insufficient memory for the Java Runtime Environment to continue.
# Native memory allocation (malloc) failed to allocate 1048576 bytes for AllocateHeap
# Possible reasons:
#   The system is out of physical RAM or swap space
#   The process is running with CompressedOops enabled, and the Java Heap may be blocking the growth of the native heap
# Possible solutions:
#   Reduce memory load on the system
#   Increase physical memory or swap space
#   Check if swap backing store is full
#   Decrease Java heap size (-Xmx/-Xms)
#   Decrease number of Java threads
#   Decrease Java thread stack sizes (-Xss)
#   Set larger code cache with -XX:ReservedCodeCacheSize=
#   JVM is running with Unscaled Compressed Oops mode in which the Java heap is
#     placed in the first 4GB address space. The Java Heap base address is the
#     maximum limit for the native heap growth. Please use -XX:HeapBaseMinAddress
#     to set the Java Heap base and to place the Java Heap above 4GB virtual address.
# This output file may be truncated or incomplete.
#
#  Out of Memory Error (allocation.cpp:44), pid=20100, tid=23832
#
# JRE version:  (17.0.5+9) (build )
# Java VM: Java HotSpot(TM) 64-Bit Server VM (17.0.5+9-LTS-191, mixed mode, sharing, tiered, compressed oops, compressed class ptrs, g1 gc, windows-amd64)
# No core dump will be written. Minidumps are not enabled by default on client versions of Windows
#

---------------  S U M M A R Y ------------

Command Line: -Dfile.encoding=utf8 c:\Users\ttkky\.vscode\extensions\vscjava.vscode-gradle-3.13.5\lib\gradle-language-server.jar

Host: AMD Ryzen 5 5500U with Radeon Graphics         , 12 cores, 7G,  Windows 11 , 64 bit Build 22621 (10.0.22621.3085)
Time: Tue Mar 12 23:23:31 2024 Malay Peninsula Standard Time elapsed time: 0.021958 seconds (0d 0h 0m 0s)

---------------  T H R E A D  ---------------

Current thread (0x0000023e64d90210):  JavaThread "Unknown thread" [_thread_in_vm, id=23832, stack(0x0000008e80900000,0x0000008e80a00000)]

Stack: [0x0000008e80900000,0x0000008e80a00000]
Native frames: (J=compiled Java code, j=interpreted, Vv=VM code, C=native code)
V  [jvm.dll+0x672eea]
V  [jvm.dll+0x7d2a04]
V  [jvm.dll+0x7d41ae]
V  [jvm.dll+0x7d4813]
V  [jvm.dll+0x242c15]
V  [jvm.dll+0xa4b93]
V  [jvm.dll+0x2d3e34]
V  [jvm.dll+0x7a44ac]
V  [jvm.dll+0x365df1]
V  [jvm.dll+0x7838fc]
V  [jvm.dll+0x3e873f]
V  [jvm.dll+0x3ea1e1]
C  [jli.dll+0x527b]
C  [ucrtbase.dll+0x29363]
C  [KERNEL32.DLL+0x1257d]
C  [ntdll.dll+0x5aa58]


---------------  P R O C E S S  ---------------

Threads class SMR info:
_java_thread_list=0x00007ffba5e2a8d8, length=0, elements={
}

Java Threads: ( => current thread )

Other Threads:

=>0x0000023e64d90210 (exited) JavaThread "Unknown thread" [_thread_in_vm, id=23832, stack(0x0000008e80900000,0x0000008e80a00000)]

Threads with active compile tasks:

VM state: not at safepoint (not fully initialized)

VM Mutex/Monitor currently owned by a thread: None

Heap address: 0x0000000000000000, size: 0 MB, Compressed Oops mode: 32-bit

CDS archive(s) mapped at: [0x0000000000000000-0x0000000000000000-0x0000000000000000), size 0, SharedBaseAddress: 0x0000000800000000, ArchiveRelocationMode: 0.
Narrow klass base: 0x0000000000000000, Narrow klass shift: 0, Narrow klass range: 0x0

GC Precious Log:
<Empty>

GC Heap History (0 events):
No events

Deoptimization events (0 events):
No events

Classes unloaded (0 events):
No events

Classes redefined (0 events):
No events

Internal exceptions (0 events):
No events

VM Operations (0 events):
No events

Events (1 events):
Event: 0.017 Loaded shared library C:\Program Files\Java\jdk-17.0.5\bin\java.dll


Dynamic libraries:
0x00007ff731020000 - 0x00007ff731030000 	C:\Program Files\Java\jdk-17.0.5\bin\java.exe
0x00007ffc13810000 - 0x00007ffc13a27000 	C:\WINDOWS\SYSTEM32\ntdll.dll
0x00007ffc12940000 - 0x00007ffc12a04000 	C:\WINDOWS\System32\KERNEL32.DLL
0x00007ffc10dc0000 - 0x00007ffc11166000 	C:\WINDOWS\System32\KERNELBASE.dll
0x00007ffc11170000 - 0x00007ffc11281000 	C:\WINDOWS\System32\ucrtbase.dll
0x00007ffc03fc0000 - 0x00007ffc03fd8000 	C:\Program Files\Java\jdk-17.0.5\bin\jli.dll
0x00007ffc11900000 - 0x00007ffc119b3000 	C:\WINDOWS\System32\ADVAPI32.dll
0x00007ffc12550000 - 0x00007ffc125f7000 	C:\WINDOWS\System32\msvcrt.dll
0x00007ffc11760000 - 0x00007ffc11808000 	C:\WINDOWS\System32\sechost.dll
0x00007ffc10bf0000 - 0x00007ffc10c18000 	C:\WINDOWS\System32\bcrypt.dll
0x00007ffc12430000 - 0x00007ffc12547000 	C:\WINDOWS\System32\RPCRT4.dll
0x00007ffc12790000 - 0x00007ffc1293e000 	C:\WINDOWS\System32\USER32.dll
0x00007ffc10b50000 - 0x00007ffc10b76000 	C:\WINDOWS\System32\win32u.dll
0x00007ffc12cd0000 - 0x00007ffc12cf9000 	C:\WINDOWS\System32\GDI32.dll
0x00007ffc10ca0000 - 0x00007ffc10db8000 	C:\WINDOWS\System32\gdi32full.dll
0x00007ffc11290000 - 0x00007ffc1132a000 	C:\WINDOWS\System32\msvcp_win.dll
0x00007ffbffce0000 - 0x00007ffbffcfa000 	C:\Program Files\Java\jdk-17.0.5\bin\VCRUNTIME140.dll
0x00007ffc08480000 - 0x00007ffc08713000 	C:\WINDOWS\WinSxS\amd64_microsoft.windows.common-controls_6595b64144ccf1df_6.0.22621.2506_none_270c5ae97388e100\COMCTL32.dll
0x00007ffc088d0000 - 0x00007ffc088da000 	C:\WINDOWS\SYSTEM32\VERSION.dll
0x00007ffc11720000 - 0x00007ffc11751000 	C:\WINDOWS\System32\IMM32.DLL
0x00007ffbffbd0000 - 0x00007ffbffbdc000 	C:\Program Files\Java\jdk-17.0.5\bin\vcruntime140_1.dll
0x00007ffbceb10000 - 0x00007ffbceb9d000 	C:\Program Files\Java\jdk-17.0.5\bin\msvcp140.dll
0x00007ffba5390000 - 0x00007ffba5f52000 	C:\Program Files\Java\jdk-17.0.5\bin\server\jvm.dll
0x00007ffc11810000 - 0x00007ffc11818000 	C:\WINDOWS\System32\PSAPI.DLL
0x00007ffc08760000 - 0x00007ffc08769000 	C:\WINDOWS\SYSTEM32\WSOCK32.dll
0x00007ffc133c0000 - 0x00007ffc13431000 	C:\WINDOWS\System32\WS2_32.dll
0x00007ffc0abd0000 - 0x00007ffc0ac04000 	C:\WINDOWS\SYSTEM32\WINMM.dll
0x00007ffc0fb90000 - 0x00007ffc0fba8000 	C:\WINDOWS\SYSTEM32\kernel.appcore.dll
0x00007ffbffbc0000 - 0x00007ffbffbca000 	C:\Program Files\Java\jdk-17.0.5\bin\jimage.dll
0x00007ffc0e590000 - 0x00007ffc0e7c3000 	C:\WINDOWS\SYSTEM32\DBGHELP.DLL
0x00007ffc13440000 - 0x00007ffc137c9000 	C:\WINDOWS\System32\combase.dll
0x00007ffc11820000 - 0x00007ffc118f7000 	C:\WINDOWS\System32\OLEAUT32.dll
0x00007ffc08c80000 - 0x00007ffc08cb2000 	C:\WINDOWS\SYSTEM32\dbgcore.DLL
0x00007ffc10c20000 - 0x00007ffc10c9a000 	C:\WINDOWS\System32\bcryptPrimitives.dll
0x00007ffbd6490000 - 0x00007ffbd64b5000 	C:\Program Files\Java\jdk-17.0.5\bin\java.dll

dbghelp: loaded successfully - version: 4.0.5 - missing functions: none
symbol engine: initialized successfully - sym options: 0x614 - pdb path: .;C:\Program Files\Java\jdk-17.0.5\bin;C:\WINDOWS\SYSTEM32;C:\WINDOWS\WinSxS\amd64_microsoft.windows.common-controls_6595b64144ccf1df_6.0.22621.2506_none_270c5ae97388e100;C:\Program Files\Java\jdk-17.0.5\bin\server

VM Arguments:
jvm_args: -Dfile.encoding=utf8 
java_command: c:\Users\ttkky\.vscode\extensions\vscjava.vscode-gradle-3.13.5\lib\gradle-language-server.jar
java_class_path (initial): c:\Users\ttkky\.vscode\extensions\vscjava.vscode-gradle-3.13.5\lib\gradle-language-server.jar
Launcher Type: SUN_STANDARD

[Global flags]
     intx CICompilerCount                          = 4                                         {product} {ergonomic}
     uint ConcGCThreads                            = 3                                         {product} {ergonomic}
     uint G1ConcRefinementThreads                  = 10                                        {product} {ergonomic}
   size_t G1HeapRegionSize                         = 1048576                                   {product} {ergonomic}
    uintx GCDrainStackTargetSize                   = 64                                        {product} {ergonomic}
   size_t InitialHeapSize                          = 123731968                                 {product} {ergonomic}
   size_t MarkStackSize                            = 4194304                                   {product} {ergonomic}
   size_t MaxHeapSize                              = 1971322880                                {product} {ergonomic}
   size_t MinHeapDeltaBytes                        = 1048576                                   {product} {ergonomic}
   size_t MinHeapSize                              = 8388608                                   {product} {ergonomic}
    uintx NonNMethodCodeHeapSize                   = 5839372                                {pd product} {ergonomic}
    uintx NonProfiledCodeHeapSize                  = 122909434                              {pd product} {ergonomic}
    uintx ProfiledCodeHeapSize                     = 122909434                              {pd product} {ergonomic}
    uintx ReservedCodeCacheSize                    = 251658240                              {pd product} {ergonomic}
     bool SegmentedCodeCache                       = true                                      {product} {ergonomic}
   size_t SoftMaxHeapSize                          = 1971322880                             {manageable} {ergonomic}
     bool UseCompressedClassPointers               = true                           {product lp64_product} {ergonomic}
     bool UseCompressedOops                        = true                           {product lp64_product} {ergonomic}
     bool UseG1GC                                  = true                                      {product} {ergonomic}
     bool UseLargePagesIndividualAllocation        = false                                  {pd product} {ergonomic}

Logging:
Log output configuration:
 #0: stdout all=warning uptime,level,tags
 #1: stderr all=off uptime,level,tags

Environment Variables:
JAVA_HOME=C:\Program Files\Java\jdk-17.0.5
PATH=C:\Python312\Scripts\;C:\Python312\;C:\Program Files\Eclipse Adoptium\jdk-21.0.1.12-hotspot\bin;C:\src\flutter\flutter\bin;C:\Program Files\Git\cmd;C:\Windows\System32;C:\Program Files\apache-maven-3.9.3\bin;C:\Program Files\Java\jdk-17.0.5\bin;C:\Program Files\Java\jdk-17.0.5\bin;C:\Program Files\javafx-sdk-20.0.2\bin;D:\MongoDBShell\mongosh-2.0.2-win32-x64\bin;C:\ProgramData\chocolatey\bin;C:\Program Files\nodejs\;C:\Program Files\Java\jdk-17.0.5\bin;C:\Users\ttkky\AppData\Local\Programs\Microsoft VS Code\bin;C:\Windows\System32;C:\Program Files\apache-maven-3.9.3\bin;C:\Program Files\Java\jdk-17.0.5\bin;C:\Program Files\javafx-sdk-20.0.2\bin;C:\Users\ttkky\AppData\Roaming\npm
USERNAME=ttkky
OS=Windows_NT
PROCESSOR_IDENTIFIER=AMD64 Family 23 Model 104 Stepping 1, AuthenticAMD



---------------  S Y S T E M  ---------------

OS:
 Windows 11 , 64 bit Build 22621 (10.0.22621.3085)
OS uptime: 1 days 22:24 hours

CPU: total 12 (initial active 12) (12 cores per cpu, 2 threads per core) family 23 model 104 stepping 1 microcode 0x0, cx8, cmov, fxsr, ht, mmx, 3dnowpref, sse, sse2, sse3, ssse3, sse4a, sse4.1, sse4.2, popcnt, lzcnt, tsc, tscinvbit, avx, avx2, aes, clmul, bmi1, bmi2, adx, sha, fma, vzeroupper, clflush, clflushopt

Memory: 4k page, system-wide physical 7514M (403M free)
TotalPageFile size 20668M (AvailPageFile size 7M)
current process WorkingSet (physical memory assigned to process): 10M, peak: 10M
current process commit charge ("private bytes"): 12M, peak: 13M

vm_info: Java HotSpot(TM) 64-Bit Server VM (17.0.5+9-LTS-191) for windows-amd64 JRE (17.0.5+9-LTS-191), built on Sep 13 2022 17:31:43 by "mach5one" with MS VC++ 16.8 / 16.9 (VS2019)

END.
