#
# There is insufficient memory for the Java Runtime Environment to continue.
# Native memory allocation (malloc) failed to allocate 2151264 bytes for Chunk::new
# Possible reasons:
#   The system is out of physical RAM or swap space
#   The process is running with CompressedOops enabled, and the Java Heap may be blocking the growth of the native heap
# Possible solutions:
#   Reduce memory load on the system
#   Increase physical memory or swap space
#   Check if swap backing store is full
#   Decrease Java heap size (-Xmx/-Xms)
#   Decrease number of Java threads
#   Decrease Java thread stack sizes (-Xss)
#   Set larger code cache with -XX:ReservedCodeCacheSize=
#   JVM is running with Unscaled Compressed Oops mode in which the Java heap is
#     placed in the first 4GB address space. The Java Heap base address is the
#     maximum limit for the native heap growth. Please use -XX:HeapBaseMinAddress
#     to set the Java Heap base and to place the Java Heap above 4GB virtual address.
# This output file may be truncated or incomplete.
#
#  Out of Memory Error (arena.cpp:189), pid=4544, tid=15788
#
# JRE version: OpenJDK Runtime Environment (17.0.6) (build 17.0.6+0-b2043.56-10027231)
# Java VM: OpenJDK 64-Bit Server VM (17.0.6+0-b2043.56-10027231, mixed mode, tiered, compressed oops, compressed class ptrs, g1 gc, windows-amd64)
# No core dump will be written. Minidumps are not enabled by default on client versions of Windows
#

---------------  S U M M A R Y ------------

Command Line: --add-opens=java.base/java.util=ALL-UNNAMED --add-opens=java.base/java.lang=ALL-UNNAMED --add-opens=java.base/java.lang.invoke=ALL-UNNAMED --add-opens=java.prefs/java.util.prefs=ALL-UNNAMED --add-opens=java.base/java.nio.charset=ALL-UNNAMED --add-opens=java.base/java.net=ALL-UNNAMED --add-opens=java.base/java.util.concurrent.atomic=ALL-UNNAMED -Xmx2048m -Dfile.encoding=UTF-8 -Duser.country=MY -Duser.language=en -Duser.variant org.gradle.launcher.daemon.bootstrap.GradleDaemon 8.0

Host: AMD Ryzen 5 5500U with Radeon Graphics         , 12 cores, 7G,  Windows 11 , 64 bit Build 22621 (10.0.22621.2506)
Time: Fri Jan 12 02:39:11 2024 Malay Peninsula Standard Time elapsed time: 13.053520 seconds (0d 0h 0m 13s)

---------------  T H R E A D  ---------------

Current thread (0x00000195b74dabd0):  JavaThread "C2 CompilerThread1" daemon [_thread_in_native, id=15788, stack(0x0000001389400000,0x0000001389500000)]


Current CompileTask:
C2:  13053 6458       4       org.objectweb.asm.Frame::execute (2318 bytes)

Stack: [0x0000001389400000,0x0000001389500000]
Native frames: (J=compiled Java code, j=interpreted, Vv=VM code, C=native code)
V  [jvm.dll+0x683c9a]
V  [jvm.dll+0x8427a4]
V  [jvm.dll+0x843f9e]
V  [jvm.dll+0x844603]
V  [jvm.dll+0x249b75]
V  [jvm.dll+0xabcac]
V  [jvm.dll+0xac27c]
V  [jvm.dll+0x368857]
V  [jvm.dll+0x332f31]
V  [jvm.dll+0x3323da]
V  [jvm.dll+0x21c201]
V  [jvm.dll+0x21b621]
V  [jvm.dll+0x1a4fdd]
V  [jvm.dll+0x22b098]
V  [jvm.dll+0x229159]
V  [jvm.dll+0x7f81ec]
V  [jvm.dll+0x7f274a]
V  [jvm.dll+0x682ad5]
C  [ucrtbase.dll+0x29363]
C  [KERNEL32.DLL+0x1257d]
C  [ntdll.dll+0x5aa58]


---------------  P R O C E S S  ---------------

Threads class SMR info:
_java_thread_list=0x00000195ba5189f0, length=169, elements={
0x00000195998c83b0, 0x00000195b3b89250, 0x00000195b3b8a0c0, 0x00000195b3b74080,
0x00000195b3b74c30, 0x00000195b3b757e0, 0x00000195b3b76190, 0x00000195b4426010,
0x00000195b442a420, 0x00000195b442ce20, 0x00000195b459d2a0, 0x00000195b459d770,
0x00000195b7379a60, 0x00000195b7379590, 0x00000195b7379f30, 0x00000195b737c5b0,
0x00000195b737c0e0, 0x00000195b737ca80, 0x00000195b737a400, 0x00000195b737a8d0,
0x00000195b737ada0, 0x00000195b73790c0, 0x00000195b737b270, 0x00000195b737b740,
0x00000195b737bc10, 0x00000195b8a01fb0, 0x00000195b8a02480, 0x00000195b89fc910,
0x00000195b89fac30, 0x00000195b89fe5f0, 0x00000195b89fcde0, 0x00000195b89fe120,
0x00000195b8a00c70, 0x00000195b89fc440, 0x00000195b89fb100, 0x00000195b89ff930,
0x00000195b89ffe00, 0x00000195b89fbf70, 0x00000195b8a01610, 0x00000195b8a007a0,
0x00000195b8a01ae0, 0x00000195b89fd2b0, 0x00000195b89fd780, 0x00000195b89feac0,
0x00000195b89fdc50, 0x00000195b89fef90, 0x00000195b89ff460, 0x00000195ba4563f0,
0x00000195ba4503b0, 0x00000195ba452f00, 0x00000195ba4550b0, 0x00000195ba4538a0,
0x00000195ba44f540, 0x00000195ba450880, 0x00000195ba452090, 0x00000195ba450d50,
0x00000195ba4568c0, 0x00000195ba453d70, 0x00000195ba451220, 0x00000195ba44f070,
0x00000195ba4516f0, 0x00000195ba455580, 0x00000195ba451bc0, 0x00000195ba454240,
0x00000195ba452560, 0x00000195ba44fa10, 0x00000195ba4533d0, 0x00000195ba454710,
0x00000195ba455f20, 0x00000195ba44fee0, 0x00000195ba452a30, 0x00000195ba454be0,
0x00000195ba455a50, 0x00000195ba7849c0, 0x00000195ba787040, 0x00000195ba7891f0,
0x00000195ba78a060, 0x00000195ba785830, 0x00000195ba78a530, 0x00000195ba785360,
0x00000195ba787eb0, 0x00000195ba78aed0, 0x00000195ba7879e0, 0x00000195ba78b870,
0x00000195ba78b3a0, 0x00000195ba787510, 0x00000195ba788380, 0x00000195ba784e90,
0x00000195ba78aa00, 0x00000195ba788850, 0x00000195ba788d20, 0x00000195ba7844f0,
0x00000195ba784020, 0x00000195ba785d00, 0x00000195ba7861d0, 0x00000195ba7896c0,
0x00000195ba789b90, 0x00000195ba7866a0, 0x00000195ba786b70, 0x00000195b804eac0,
0x00000195b8052e20, 0x00000195b804d780, 0x00000195b8051140, 0x00000195b804dc50,
0x00000195b80537c0, 0x00000195b80532f0, 0x00000195b804e120, 0x00000195b804bf70,
0x00000195b8051fb0, 0x00000195b804d2b0, 0x00000195b804f930, 0x00000195b804c440,
0x00000195b804e5f0, 0x00000195b8052480, 0x00000195b804c910, 0x00000195b804ef90,
0x00000195b804f460, 0x00000195b804fe00, 0x00000195b80502d0, 0x00000195b80507a0,
0x00000195b804cde0, 0x00000195b8050c70, 0x00000195b8051610, 0x00000195b8051ae0,
0x00000195b8052950, 0x00000195b80911f0, 0x00000195b8093d40, 0x00000195b8091b90,
0x00000195b8093870, 0x00000195b8090d20, 0x00000195b8092ed0, 0x00000195b80933a0,
0x00000195b8094210, 0x00000195b80916c0, 0x00000195b8095080, 0x00000195b8096890,
0x00000195b8092530, 0x00000195b8094bb0, 0x00000195b8092060, 0x00000195b8095ef0,
0x00000195b808f040, 0x00000195b8095550, 0x00000195b8090850, 0x00000195b80946e0,
0x00000195b808feb0, 0x00000195b8090380, 0x00000195b808f510, 0x00000195b8095a20,
0x00000195b80963c0, 0x00000195b808f9e0, 0x00000195bab24830, 0x00000195bab24360,
0x00000195bab24d00, 0x00000195bab27850, 0x00000195bab23020, 0x00000195bab234f0,
0x00000195bab209a0, 0x00000195bab239c0, 0x00000195bab25b70, 0x00000195bab26eb0,
0x00000195bab221b0, 0x00000195bab23e90, 0x00000195bab251d0, 0x00000195bab22680,
0x00000195bab21340, 0x00000195bab21ce0, 0x00000195bab21810, 0x00000195b74dabd0,
0x00000195bab22b50
}

Java Threads: ( => current thread )
  0x00000195998c83b0 JavaThread "main" [_thread_blocked, id=9044, stack(0x0000001386a00000,0x0000001386b00000)]
  0x00000195b3b89250 JavaThread "Reference Handler" daemon [_thread_blocked, id=4872, stack(0x0000001387100000,0x0000001387200000)]
  0x00000195b3b8a0c0 JavaThread "Finalizer" daemon [_thread_blocked, id=8468, stack(0x0000001387200000,0x0000001387300000)]
  0x00000195b3b74080 JavaThread "Signal Dispatcher" daemon [_thread_blocked, id=3816, stack(0x0000001387300000,0x0000001387400000)]
  0x00000195b3b74c30 JavaThread "Attach Listener" daemon [_thread_blocked, id=10228, stack(0x0000001387400000,0x0000001387500000)]
  0x00000195b3b757e0 JavaThread "Service Thread" daemon [_thread_blocked, id=16112, stack(0x0000001387500000,0x0000001387600000)]
  0x00000195b3b76190 JavaThread "Monitor Deflation Thread" daemon [_thread_blocked, id=15752, stack(0x0000001387600000,0x0000001387700000)]
  0x00000195b4426010 JavaThread "C2 CompilerThread0" daemon [_thread_in_native, id=15816, stack(0x0000001387700000,0x0000001387800000)]
  0x00000195b442a420 JavaThread "C1 CompilerThread0" daemon [_thread_in_vm, id=14924, stack(0x0000001387800000,0x0000001387900000)]
  0x00000195b442ce20 JavaThread "Sweeper thread" daemon [_thread_blocked, id=2936, stack(0x0000001387900000,0x0000001387a00000)]
  0x00000195b459d2a0 JavaThread "Common-Cleaner" daemon [_thread_blocked, id=3556, stack(0x0000001387a00000,0x0000001387b00000)]
  0x00000195b459d770 JavaThread "Notification Thread" daemon [_thread_blocked, id=13424, stack(0x0000001387b00000,0x0000001387c00000)]
  0x00000195b7379a60 JavaThread "Daemon health stats" [_thread_blocked, id=17500, stack(0x0000001388200000,0x0000001388300000)]
  0x00000195b7379590 JavaThread "Incoming local TCP Connector on port 64680" [_thread_in_native, id=3492, stack(0x0000001388300000,0x0000001388400000)]
  0x00000195b7379f30 JavaThread "Daemon periodic checks" [_thread_blocked, id=19192, stack(0x0000001388400000,0x0000001388500000)]
  0x00000195b737c5b0 JavaThread "Daemon" [_thread_blocked, id=16096, stack(0x0000001388500000,0x0000001388600000)]
  0x00000195b737c0e0 JavaThread "Handler for socket connection from /127.0.0.1:64680 to /127.0.0.1:64681" [_thread_in_native, id=1284, stack(0x0000001388600000,0x0000001388700000)]
  0x00000195b737ca80 JavaThread "Cancel handler" [_thread_blocked, id=15888, stack(0x0000001388700000,0x0000001388800000)]
  0x00000195b737a400 JavaThread "Daemon worker" [_thread_in_vm, id=15020, stack(0x0000001388800000,0x0000001388900000)]
  0x00000195b737a8d0 JavaThread "Asynchronous log dispatcher for DefaultDaemonConnection: socket connection from /127.0.0.1:64680 to /127.0.0.1:64681" [_thread_blocked, id=16936, stack(0x0000001388900000,0x0000001388a00000)]
  0x00000195b737ada0 JavaThread "Stdin handler" [_thread_blocked, id=15164, stack(0x0000001388a00000,0x0000001388b00000)]
  0x00000195b73790c0 JavaThread "Daemon client event forwarder" [_thread_blocked, id=7308, stack(0x0000001388b00000,0x0000001388c00000)]
  0x00000195b737b270 JavaThread "Cache worker for journal cache (C:\Users\ttkky\.gradle\caches\journal-1)" [_thread_blocked, id=4856, stack(0x0000001389200000,0x0000001389300000)]
  0x00000195b737b740 JavaThread "File lock request listener" [_thread_in_native, id=17324, stack(0x0000001389300000,0x0000001389400000)]
  0x00000195b737bc10 JavaThread "Cache worker for file hash cache (C:\Users\ttkky\.gradle\caches\8.0\fileHashes)" [_thread_blocked, id=1456, stack(0x0000001389500000,0x0000001389600000)]
  0x00000195b8a01fb0 JavaThread "File watcher server" daemon [_thread_in_native, id=17504, stack(0x0000001389700000,0x0000001389800000)]
  0x00000195b8a02480 JavaThread "File watcher consumer" daemon [_thread_blocked, id=11344, stack(0x0000001389800000,0x0000001389900000)]
  0x00000195b89fc910 JavaThread "Cache worker for checksums cache (D:\All About Study\Y2S1\#WIA2007 MAD\LingvoSphere_Android\.gradle\8.0\checksums)" [_thread_blocked, id=8552, stack(0x0000001389900000,0x0000001389a00000)]
  0x00000195b89fac30 JavaThread "Cache worker for cache directory md-rule (C:\Users\ttkky\.gradle\caches\8.0\md-rule)" [_thread_blocked, id=1152, stack(0x0000001389a00000,0x0000001389b00000)]
  0x00000195b89fe5f0 JavaThread "Cache worker for file content cache (C:\Users\ttkky\.gradle\caches\8.0\fileContent)" [_thread_blocked, id=16236, stack(0x0000001389b00000,0x0000001389c00000)]
  0x00000195b89fcde0 JavaThread "Cache worker for file hash cache (D:\All About Study\Y2S1\#WIA2007 MAD\LingvoSphere_Android\.gradle\8.0\fileHashes)" [_thread_blocked, id=1988, stack(0x0000001389600000,0x0000001389700000)]
  0x00000195b89fe120 JavaThread "Cache worker for cache directory md-supplier (C:\Users\ttkky\.gradle\caches\8.0\md-supplier)" [_thread_blocked, id=14764, stack(0x0000001389c00000,0x0000001389d00000)]
  0x00000195b8a00c70 JavaThread "Cache worker for execution history cache (C:\Users\ttkky\.gradle\caches\8.0\executionHistory)" [_thread_blocked, id=18644, stack(0x0000001389d00000,0x0000001389e00000)]
  0x00000195b89fc440 JavaThread "jar transforms" [_thread_blocked, id=14488, stack(0x0000001389e00000,0x0000001389f00000)]
  0x00000195b89fb100 JavaThread "jar transforms Thread 2" [_thread_blocked, id=10496, stack(0x0000001389f00000,0x000000138a000000)]
  0x00000195b89ff930 JavaThread "jar transforms Thread 3" [_thread_blocked, id=11860, stack(0x000000138a100000,0x000000138a200000)]
  0x00000195b89ffe00 JavaThread "jar transforms Thread 4" [_thread_blocked, id=13412, stack(0x000000138a200000,0x000000138a300000)]
  0x00000195b89fbf70 JavaThread "Cache worker for dependencies-accessors (D:\All About Study\Y2S1\#WIA2007 MAD\LingvoSphere_Android\.gradle\8.0\dependencies-accessors)" [_thread_blocked, id=19392, stack(0x000000138a300000,0x000000138a400000)]
  0x00000195b8a01610 JavaThread "jar transforms Thread 5" [_thread_blocked, id=11772, stack(0x000000138a400000,0x000000138a500000)]
  0x00000195b8a007a0 JavaThread "Cache worker for Build Output Cleanup Cache (D:\All About Study\Y2S1\#WIA2007 MAD\LingvoSphere_Android\.gradle\buildOutputCleanup)" [_thread_blocked, id=17452, stack(0x000000138a500000,0x000000138a600000)]
  0x00000195b8a01ae0 JavaThread "Unconstrained build operations" [_thread_blocked, id=15696, stack(0x000000138a600000,0x000000138a700000)]
  0x00000195b89fd2b0 JavaThread "Unconstrained build operations Thread 2" [_thread_blocked, id=18476, stack(0x000000138a700000,0x000000138a800000)]
  0x00000195b89fd780 JavaThread "Unconstrained build operations Thread 3" [_thread_blocked, id=16724, stack(0x000000138a800000,0x000000138a900000)]
  0x00000195b89feac0 JavaThread "Unconstrained build operations Thread 4" [_thread_blocked, id=18072, stack(0x000000138a900000,0x000000138aa00000)]
  0x00000195b89fdc50 JavaThread "Unconstrained build operations Thread 5" [_thread_blocked, id=4736, stack(0x000000138aa00000,0x000000138ab00000)]
  0x00000195b89fef90 JavaThread "Unconstrained build operations Thread 6" [_thread_blocked, id=11864, stack(0x000000138ab00000,0x000000138ac00000)]
  0x00000195b89ff460 JavaThread "Unconstrained build operations Thread 7" [_thread_blocked, id=14684, stack(0x000000138ac00000,0x000000138ad00000)]
  0x00000195ba4563f0 JavaThread "Unconstrained build operations Thread 8" [_thread_blocked, id=6944, stack(0x000000138ad00000,0x000000138ae00000)]
  0x00000195ba4503b0 JavaThread "Unconstrained build operations Thread 9" [_thread_blocked, id=14040, stack(0x000000138ae00000,0x000000138af00000)]
  0x00000195ba452f00 JavaThread "Unconstrained build operations Thread 10" [_thread_blocked, id=11760, stack(0x000000138b000000,0x000000138b100000)]
  0x00000195ba4550b0 JavaThread "Unconstrained build operations Thread 11" [_thread_blocked, id=16536, stack(0x000000138b200000,0x000000138b300000)]
  0x00000195ba4538a0 JavaThread "Unconstrained build operations Thread 12" [_thread_blocked, id=2804, stack(0x000000138b300000,0x000000138b400000)]
  0x00000195ba44f540 JavaThread "Unconstrained build operations Thread 13" [_thread_blocked, id=17752, stack(0x000000138b400000,0x000000138b500000)]
  0x00000195ba450880 JavaThread "Unconstrained build operations Thread 14" [_thread_blocked, id=15988, stack(0x000000138b500000,0x000000138b600000)]
  0x00000195ba452090 JavaThread "Unconstrained build operations Thread 15" [_thread_blocked, id=14148, stack(0x000000138b600000,0x000000138b700000)]
  0x00000195ba450d50 JavaThread "Unconstrained build operations Thread 16" [_thread_blocked, id=5868, stack(0x000000138b700000,0x000000138b800000)]
  0x00000195ba4568c0 JavaThread "Unconstrained build operations Thread 17" [_thread_blocked, id=8624, stack(0x000000138b800000,0x000000138b900000)]
  0x00000195ba453d70 JavaThread "Unconstrained build operations Thread 18" [_thread_blocked, id=16268, stack(0x000000138b900000,0x000000138ba00000)]
  0x00000195ba451220 JavaThread "Unconstrained build operations Thread 19" [_thread_blocked, id=19428, stack(0x000000138ba00000,0x000000138bb00000)]
  0x00000195ba44f070 JavaThread "Unconstrained build operations Thread 20" [_thread_blocked, id=12156, stack(0x000000138bb00000,0x000000138bc00000)]
  0x00000195ba4516f0 JavaThread "Unconstrained build operations Thread 21" [_thread_blocked, id=16516, stack(0x000000138bc00000,0x000000138bd00000)]
  0x00000195ba455580 JavaThread "Unconstrained build operations Thread 22" [_thread_blocked, id=18424, stack(0x000000138bd00000,0x000000138be00000)]
  0x00000195ba451bc0 JavaThread "Unconstrained build operations Thread 23" [_thread_blocked, id=18408, stack(0x000000138be00000,0x000000138bf00000)]
  0x00000195ba454240 JavaThread "Unconstrained build operations Thread 24" [_thread_blocked, id=3724, stack(0x000000138bf00000,0x000000138c000000)]
  0x00000195ba452560 JavaThread "Unconstrained build operations Thread 25" [_thread_blocked, id=7568, stack(0x000000138c000000,0x000000138c100000)]
  0x00000195ba44fa10 JavaThread "Unconstrained build operations Thread 26" [_thread_blocked, id=10908, stack(0x000000138c100000,0x000000138c200000)]
  0x00000195ba4533d0 JavaThread "Unconstrained build operations Thread 27" [_thread_blocked, id=17664, stack(0x000000138c200000,0x000000138c300000)]
  0x00000195ba454710 JavaThread "Unconstrained build operations Thread 28" [_thread_blocked, id=18144, stack(0x000000138c300000,0x000000138c400000)]
  0x00000195ba455f20 JavaThread "Unconstrained build operations Thread 29" [_thread_blocked, id=17440, stack(0x000000138c400000,0x000000138c500000)]
  0x00000195ba44fee0 JavaThread "Unconstrained build operations Thread 30" [_thread_blocked, id=18960, stack(0x000000138c500000,0x000000138c600000)]
  0x00000195ba452a30 JavaThread "Unconstrained build operations Thread 31" [_thread_blocked, id=16972, stack(0x000000138c600000,0x000000138c700000)]
  0x00000195ba454be0 JavaThread "Unconstrained build operations Thread 32" [_thread_blocked, id=6204, stack(0x000000138c700000,0x000000138c800000)]
  0x00000195ba455a50 JavaThread "Unconstrained build operations Thread 33" [_thread_blocked, id=7032, stack(0x000000138c800000,0x000000138c900000)]
  0x00000195ba7849c0 JavaThread "Unconstrained build operations Thread 34" [_thread_blocked, id=12712, stack(0x000000138c900000,0x000000138ca00000)]
  0x00000195ba787040 JavaThread "Unconstrained build operations Thread 35" [_thread_blocked, id=11520, stack(0x000000138ca00000,0x000000138cb00000)]
  0x00000195ba7891f0 JavaThread "Unconstrained build operations Thread 36" [_thread_blocked, id=6932, stack(0x000000138cb00000,0x000000138cc00000)]
  0x00000195ba78a060 JavaThread "Unconstrained build operations Thread 37" [_thread_blocked, id=18404, stack(0x000000138cc00000,0x000000138cd00000)]
  0x00000195ba785830 JavaThread "Unconstrained build operations Thread 38" [_thread_blocked, id=10072, stack(0x000000138cd00000,0x000000138ce00000)]
  0x00000195ba78a530 JavaThread "Unconstrained build operations Thread 39" [_thread_blocked, id=8564, stack(0x000000138ce00000,0x000000138cf00000)]
  0x00000195ba785360 JavaThread "Unconstrained build operations Thread 40" [_thread_blocked, id=18680, stack(0x000000138cf00000,0x000000138d000000)]
  0x00000195ba787eb0 JavaThread "Unconstrained build operations Thread 41" [_thread_blocked, id=10208, stack(0x000000138d000000,0x000000138d100000)]
  0x00000195ba78aed0 JavaThread "Unconstrained build operations Thread 42" [_thread_blocked, id=16436, stack(0x000000138d100000,0x000000138d200000)]
  0x00000195ba7879e0 JavaThread "Unconstrained build operations Thread 43" [_thread_blocked, id=1280, stack(0x000000138d200000,0x000000138d300000)]
  0x00000195ba78b870 JavaThread "Unconstrained build operations Thread 44" [_thread_blocked, id=9320, stack(0x000000138d300000,0x000000138d400000)]
  0x00000195ba78b3a0 JavaThread "Unconstrained build operations Thread 45" [_thread_blocked, id=17692, stack(0x000000138d400000,0x000000138d500000)]
  0x00000195ba787510 JavaThread "Unconstrained build operations Thread 46" [_thread_blocked, id=18784, stack(0x000000138d500000,0x000000138d600000)]
  0x00000195ba788380 JavaThread "Unconstrained build operations Thread 47" [_thread_blocked, id=14620, stack(0x000000138d600000,0x000000138d700000)]
  0x00000195ba784e90 JavaThread "Unconstrained build operations Thread 48" [_thread_blocked, id=10996, stack(0x000000138d700000,0x000000138d800000)]
  0x00000195ba78aa00 JavaThread "Unconstrained build operations Thread 49" [_thread_blocked, id=18256, stack(0x000000138d800000,0x000000138d900000)]
  0x00000195ba788850 JavaThread "Unconstrained build operations Thread 50" [_thread_blocked, id=14340, stack(0x000000138d900000,0x000000138da00000)]
  0x00000195ba788d20 JavaThread "Unconstrained build operations Thread 51" [_thread_blocked, id=11812, stack(0x000000138da00000,0x000000138db00000)]
  0x00000195ba7844f0 JavaThread "Unconstrained build operations Thread 52" [_thread_blocked, id=10836, stack(0x000000138db00000,0x000000138dc00000)]
  0x00000195ba784020 JavaThread "Unconstrained build operations Thread 53" [_thread_blocked, id=17128, stack(0x000000138dc00000,0x000000138dd00000)]
  0x00000195ba785d00 JavaThread "Unconstrained build operations Thread 54" [_thread_blocked, id=1228, stack(0x000000138dd00000,0x000000138de00000)]
  0x00000195ba7861d0 JavaThread "Unconstrained build operations Thread 55" [_thread_blocked, id=2268, stack(0x000000138de00000,0x000000138df00000)]
  0x00000195ba7896c0 JavaThread "Unconstrained build operations Thread 56" [_thread_blocked, id=7724, stack(0x000000138df00000,0x000000138e000000)]
  0x00000195ba789b90 JavaThread "Unconstrained build operations Thread 57" [_thread_blocked, id=17064, stack(0x000000138e000000,0x000000138e100000)]
  0x00000195ba7866a0 JavaThread "Unconstrained build operations Thread 58" [_thread_blocked, id=14024, stack(0x000000138e100000,0x000000138e200000)]
  0x00000195ba786b70 JavaThread "Unconstrained build operations Thread 59" [_thread_blocked, id=3004, stack(0x000000138e200000,0x000000138e300000)]
  0x00000195b804eac0 JavaThread "Unconstrained build operations Thread 60" [_thread_blocked, id=15428, stack(0x000000138e300000,0x000000138e400000)]
  0x00000195b8052e20 JavaThread "Unconstrained build operations Thread 61" [_thread_blocked, id=4608, stack(0x000000138e400000,0x000000138e500000)]
  0x00000195b804d780 JavaThread "Unconstrained build operations Thread 62" [_thread_blocked, id=2400, stack(0x000000138e500000,0x000000138e600000)]
  0x00000195b8051140 JavaThread "Unconstrained build operations Thread 63" [_thread_blocked, id=16048, stack(0x000000138e600000,0x000000138e700000)]
  0x00000195b804dc50 JavaThread "Unconstrained build operations Thread 64" [_thread_blocked, id=8740, stack(0x000000138e700000,0x000000138e800000)]
  0x00000195b80537c0 JavaThread "Unconstrained build operations Thread 65" [_thread_blocked, id=1572, stack(0x000000138e800000,0x000000138e900000)]
  0x00000195b80532f0 JavaThread "Unconstrained build operations Thread 66" [_thread_blocked, id=6168, stack(0x000000138e900000,0x000000138ea00000)]
  0x00000195b804e120 JavaThread "Unconstrained build operations Thread 67" [_thread_blocked, id=18832, stack(0x000000138ea00000,0x000000138eb00000)]
  0x00000195b804bf70 JavaThread "Unconstrained build operations Thread 68" [_thread_blocked, id=10132, stack(0x000000138eb00000,0x000000138ec00000)]
  0x00000195b8051fb0 JavaThread "Unconstrained build operations Thread 69" [_thread_blocked, id=12100, stack(0x000000138ec00000,0x000000138ed00000)]
  0x00000195b804d2b0 JavaThread "Unconstrained build operations Thread 70" [_thread_blocked, id=18028, stack(0x000000138ed00000,0x000000138ee00000)]
  0x00000195b804f930 JavaThread "Unconstrained build operations Thread 71" [_thread_blocked, id=15956, stack(0x000000138ee00000,0x000000138ef00000)]
  0x00000195b804c440 JavaThread "Unconstrained build operations Thread 72" [_thread_blocked, id=13648, stack(0x000000138ef00000,0x000000138f000000)]
  0x00000195b804e5f0 JavaThread "Unconstrained build operations Thread 73" [_thread_blocked, id=15976, stack(0x000000138f000000,0x000000138f100000)]
  0x00000195b8052480 JavaThread "Unconstrained build operations Thread 74" [_thread_blocked, id=9152, stack(0x000000138f100000,0x000000138f200000)]
  0x00000195b804c910 JavaThread "Unconstrained build operations Thread 75" [_thread_blocked, id=1832, stack(0x000000138f200000,0x000000138f300000)]
  0x00000195b804ef90 JavaThread "Unconstrained build operations Thread 76" [_thread_blocked, id=8784, stack(0x000000138f300000,0x000000138f400000)]
  0x00000195b804f460 JavaThread "Unconstrained build operations Thread 77" [_thread_blocked, id=12316, stack(0x000000138f400000,0x000000138f500000)]
  0x00000195b804fe00 JavaThread "Unconstrained build operations Thread 78" [_thread_blocked, id=11340, stack(0x000000138f500000,0x000000138f600000)]
  0x00000195b80502d0 JavaThread "Unconstrained build operations Thread 79" [_thread_blocked, id=14788, stack(0x000000138f600000,0x000000138f700000)]
  0x00000195b80507a0 JavaThread "Unconstrained build operations Thread 80" [_thread_blocked, id=13696, stack(0x000000138f700000,0x000000138f800000)]
  0x00000195b804cde0 JavaThread "Unconstrained build operations Thread 81" [_thread_blocked, id=9276, stack(0x000000138f800000,0x000000138f900000)]
  0x00000195b8050c70 JavaThread "Unconstrained build operations Thread 82" [_thread_blocked, id=12736, stack(0x000000138f900000,0x000000138fa00000)]
  0x00000195b8051610 JavaThread "Unconstrained build operations Thread 83" [_thread_blocked, id=7604, stack(0x000000138fa00000,0x000000138fb00000)]
  0x00000195b8051ae0 JavaThread "Unconstrained build operations Thread 84" [_thread_blocked, id=3396, stack(0x000000138fb00000,0x000000138fc00000)]
  0x00000195b8052950 JavaThread "Unconstrained build operations Thread 85" [_thread_blocked, id=7652, stack(0x000000138fc00000,0x000000138fd00000)]
  0x00000195b80911f0 JavaThread "Unconstrained build operations Thread 86" [_thread_blocked, id=13000, stack(0x000000138fd00000,0x000000138fe00000)]
  0x00000195b8093d40 JavaThread "Unconstrained build operations Thread 87" [_thread_blocked, id=16376, stack(0x000000138fe00000,0x000000138ff00000)]
  0x00000195b8091b90 JavaThread "Unconstrained build operations Thread 88" [_thread_blocked, id=17772, stack(0x000000138ff00000,0x0000001390000000)]
  0x00000195b8093870 JavaThread "Unconstrained build operations Thread 89" [_thread_blocked, id=7696, stack(0x0000001390000000,0x0000001390100000)]
  0x00000195b8090d20 JavaThread "Unconstrained build operations Thread 90" [_thread_blocked, id=14224, stack(0x0000001390100000,0x0000001390200000)]
  0x00000195b8092ed0 JavaThread "Unconstrained build operations Thread 91" [_thread_blocked, id=16792, stack(0x0000001390200000,0x0000001390300000)]
  0x00000195b80933a0 JavaThread "Unconstrained build operations Thread 92" [_thread_blocked, id=1424, stack(0x0000001390300000,0x0000001390400000)]
  0x00000195b8094210 JavaThread "Unconstrained build operations Thread 93" [_thread_blocked, id=15160, stack(0x0000001390400000,0x0000001390500000)]
  0x00000195b80916c0 JavaThread "Unconstrained build operations Thread 94" [_thread_blocked, id=12104, stack(0x0000001390500000,0x0000001390600000)]
  0x00000195b8095080 JavaThread "Unconstrained build operations Thread 95" [_thread_blocked, id=4500, stack(0x0000001390600000,0x0000001390700000)]
  0x00000195b8096890 JavaThread "Unconstrained build operations Thread 96" [_thread_blocked, id=18716, stack(0x0000001390700000,0x0000001390800000)]
  0x00000195b8092530 JavaThread "Unconstrained build operations Thread 97" [_thread_blocked, id=9272, stack(0x0000001390800000,0x0000001390900000)]
  0x00000195b8094bb0 JavaThread "Unconstrained build operations Thread 98" [_thread_blocked, id=5672, stack(0x0000001390900000,0x0000001390a00000)]
  0x00000195b8092060 JavaThread "Unconstrained build operations Thread 99" [_thread_blocked, id=16084, stack(0x0000001390a00000,0x0000001390b00000)]
  0x00000195b8095ef0 JavaThread "Unconstrained build operations Thread 100" [_thread_blocked, id=15264, stack(0x0000001390b00000,0x0000001390c00000)]
  0x00000195b808f040 JavaThread "Unconstrained build operations Thread 101" [_thread_blocked, id=15368, stack(0x0000001390c00000,0x0000001390d00000)]
  0x00000195b8095550 JavaThread "Unconstrained build operations Thread 102" [_thread_blocked, id=7808, stack(0x0000001390d00000,0x0000001390e00000)]
  0x00000195b8090850 JavaThread "Unconstrained build operations Thread 103" [_thread_blocked, id=18888, stack(0x0000001390e00000,0x0000001390f00000)]
  0x00000195b80946e0 JavaThread "Unconstrained build operations Thread 104" [_thread_blocked, id=17284, stack(0x0000001390f00000,0x0000001391000000)]
  0x00000195b808feb0 JavaThread "Unconstrained build operations Thread 105" [_thread_blocked, id=2780, stack(0x0000001391000000,0x0000001391100000)]
  0x00000195b8090380 JavaThread "Unconstrained build operations Thread 106" [_thread_blocked, id=14716, stack(0x0000001391100000,0x0000001391200000)]
  0x00000195b808f510 JavaThread "Unconstrained build operations Thread 107" [_thread_blocked, id=16100, stack(0x0000001391200000,0x0000001391300000)]
  0x00000195b8095a20 JavaThread "Unconstrained build operations Thread 108" [_thread_blocked, id=15600, stack(0x0000001391300000,0x0000001391400000)]
  0x00000195b80963c0 JavaThread "Unconstrained build operations Thread 109" [_thread_blocked, id=16024, stack(0x0000001391400000,0x0000001391500000)]
  0x00000195b808f9e0 JavaThread "Unconstrained build operations Thread 110" [_thread_blocked, id=9348, stack(0x0000001391500000,0x0000001391600000)]
  0x00000195bab24830 JavaThread "Unconstrained build operations Thread 111" [_thread_blocked, id=13596, stack(0x0000001391600000,0x0000001391700000)]
  0x00000195bab24360 JavaThread "Unconstrained build operations Thread 112" [_thread_blocked, id=4332, stack(0x0000001391700000,0x0000001391800000)]
  0x00000195bab24d00 JavaThread "Unconstrained build operations Thread 113" [_thread_blocked, id=16052, stack(0x0000001391800000,0x0000001391900000)]
  0x00000195bab27850 JavaThread "Unconstrained build operations Thread 114" [_thread_blocked, id=648, stack(0x0000001391900000,0x0000001391a00000)]
  0x00000195bab23020 JavaThread "Unconstrained build operations Thread 115" [_thread_blocked, id=15636, stack(0x0000001391a00000,0x0000001391b00000)]
  0x00000195bab234f0 JavaThread "Unconstrained build operations Thread 116" [_thread_blocked, id=13420, stack(0x0000001391b00000,0x0000001391c00000)]
  0x00000195bab209a0 JavaThread "Unconstrained build operations Thread 117" [_thread_blocked, id=16040, stack(0x0000001391c00000,0x0000001391d00000)]
  0x00000195bab239c0 JavaThread "Unconstrained build operations Thread 118" [_thread_blocked, id=5284, stack(0x0000001391d00000,0x0000001391e00000)]
  0x00000195bab25b70 JavaThread "Unconstrained build operations Thread 119" [_thread_blocked, id=13956, stack(0x0000001391e00000,0x0000001391f00000)]
  0x00000195bab26eb0 JavaThread "Unconstrained build operations Thread 120" [_thread_blocked, id=6044, stack(0x0000001391f00000,0x0000001392000000)]
  0x00000195bab221b0 JavaThread "jar transforms Thread 6" [_thread_blocked, id=6468, stack(0x0000001392000000,0x0000001392100000)]
  0x00000195bab23e90 JavaThread "jar transforms Thread 7" [_thread_blocked, id=16044, stack(0x0000001392100000,0x0000001392200000)]
  0x00000195bab251d0 JavaThread "jar transforms Thread 8" [_thread_blocked, id=13480, stack(0x0000001392200000,0x0000001392300000)]
  0x00000195bab22680 JavaThread "jar transforms Thread 9" [_thread_blocked, id=6108, stack(0x0000001392300000,0x0000001392400000)]
  0x00000195bab21340 JavaThread "jar transforms Thread 10" [_thread_blocked, id=12760, stack(0x0000001392400000,0x0000001392500000)]
  0x00000195bab21ce0 JavaThread "jar transforms Thread 11" [_thread_blocked, id=11080, stack(0x0000001392500000,0x0000001392600000)]
  0x00000195bab21810 JavaThread "jar transforms Thread 12" [_thread_blocked, id=5240, stack(0x0000001392600000,0x0000001392700000)]
=>0x00000195b74dabd0 JavaThread "C2 CompilerThread1" daemon [_thread_in_native, id=15788, stack(0x0000001389400000,0x0000001389500000)]
  0x00000195bab22b50 JavaThread "build event listener" [_thread_blocked, id=13108, stack(0x0000001392700000,0x0000001392800000)]

Other Threads:
  0x00000195b3b67a30 VMThread "VM Thread" [stack: 0x0000001387000000,0x0000001387100000] [id=18880]
  0x0000019599947ba0 WatcherThread [stack: 0x0000001387c00000,0x0000001387d00000] [id=14752]
  0x0000019599923cc0 GCTaskThread "GC Thread#0" [stack: 0x0000001386b00000,0x0000001386c00000] [id=9888]
  0x00000195b4eb1b00 GCTaskThread "GC Thread#1" [stack: 0x0000001387e00000,0x0000001387f00000] [id=7984]
  0x00000195b533fd40 GCTaskThread "GC Thread#2" [stack: 0x0000001387f00000,0x0000001388000000] [id=8820]
  0x00000195b5601b00 GCTaskThread "GC Thread#3" [stack: 0x0000001388000000,0x0000001388100000] [id=10800]
  0x00000195b59ace00 GCTaskThread "GC Thread#4" [stack: 0x0000001388100000,0x0000001388200000] [id=16736]
  0x00000195b5e81a40 GCTaskThread "GC Thread#5" [stack: 0x0000001387d00000,0x0000001387e00000] [id=19120]
  0x00000195b741ac40 GCTaskThread "GC Thread#6" [stack: 0x0000001388c00000,0x0000001388d00000] [id=18616]
  0x00000195b6cc67d0 GCTaskThread "GC Thread#7" [stack: 0x0000001388d00000,0x0000001388e00000] [id=15784]
  0x00000195b5407d50 GCTaskThread "GC Thread#8" [stack: 0x0000001388e00000,0x0000001388f00000] [id=11088]
  0x00000195b5fa75b0 GCTaskThread "GC Thread#9" [stack: 0x0000001388f00000,0x0000001389000000] [id=10428]
  0x0000019599934c00 ConcurrentGCThread "G1 Main Marker" [stack: 0x0000001386c00000,0x0000001386d00000] [id=18624]
  0x0000019599935db0 ConcurrentGCThread "G1 Conc#0" [stack: 0x0000001386d00000,0x0000001386e00000] [id=18808]
  0x00000195b72fc160 ConcurrentGCThread "G1 Conc#1" [stack: 0x0000001389000000,0x0000001389100000] [id=16780]
  0x00000195b733bb60 ConcurrentGCThread "G1 Conc#2" [stack: 0x0000001389100000,0x0000001389200000] [id=10044]
  0x00000195b39ba4f0 ConcurrentGCThread "G1 Refine#0" [stack: 0x0000001386e00000,0x0000001386f00000] [id=1652]
  0x00000195b5f09d50 ConcurrentGCThread "G1 Refine#1" [stack: 0x000000138af00000,0x000000138b000000] [id=9992]
  0x00000195ba4e5750 ConcurrentGCThread "G1 Refine#2" [stack: 0x000000138b100000,0x000000138b200000] [id=15672]
  0x00000195b39baf10 ConcurrentGCThread "G1 Service" [stack: 0x0000001386f00000,0x0000001387000000] [id=14796]

Threads with active compile tasks:
C2 CompilerThread0    13087 6474       4       org.objectweb.asm.SymbolTable::addConstantMemberReference (147 bytes)
C2 CompilerThread1    13087 6458       4       org.objectweb.asm.Frame::execute (2318 bytes)

VM state: not at safepoint (normal execution)

VM Mutex/Monitor currently owned by a thread: None

Heap address: 0x0000000080000000, size: 2048 MB, Compressed Oops mode: 32-bit

CDS archive(s) not mapped
Compressed class space mapped at: 0x0000000100000000-0x0000000140000000, reserved size: 1073741824
Narrow klass base: 0x0000000000000000, Narrow klass shift: 3, Narrow klass range: 0x140000000

GC Precious Log:
 CPUs: 12 total, 12 available
 Memory: 7514M
 Large Page Support: Disabled
 NUMA Support: Disabled
 Compressed Oops: Enabled (32-bit)
 Heap Region Size: 1M
 Heap Min Capacity: 8M
 Heap Initial Capacity: 118M
 Heap Max Capacity: 2G
 Pre-touch: Disabled
 Parallel Workers: 10
 Concurrent Workers: 3
 Concurrent Refinement Workers: 10
 Periodic GC: Disabled

Heap:
 garbage-first heap   total 94208K, used 53899K [0x0000000080000000, 0x0000000100000000)
  region size 1024K, 3 young (3072K), 1 survivors (1024K)
 Metaspace       used 66096K, committed 66560K, reserved 1114112K
  class space    used 8698K, committed 8896K, reserved 1048576K

Heap Regions: E=young(eden), S=young(survivor), O=old, HS=humongous(starts), HC=humongous(continues), CS=collection set, F=free, OA=open archive, CA=closed archive, TAMS=top-at-mark-start (previous, next)
|   0|0x0000000080000000, 0x0000000080100000, 0x0000000080100000|100%|HS|  |TAMS 0x0000000080100000, 0x0000000080000000| Complete 
|   1|0x0000000080100000, 0x0000000080200000, 0x0000000080200000|100%|HC|  |TAMS 0x0000000080200000, 0x0000000080100000| Complete 
|   2|0x0000000080200000, 0x0000000080300000, 0x0000000080300000|100%|HC|  |TAMS 0x0000000080300000, 0x0000000080200000| Complete 
|   3|0x0000000080300000, 0x0000000080400000, 0x0000000080400000|100%|HC|  |TAMS 0x0000000080400000, 0x0000000080300000| Complete 
|   4|0x0000000080400000, 0x0000000080500000, 0x0000000080500000|100%| O|  |TAMS 0x0000000080500000, 0x0000000080400000| Untracked 
|   5|0x0000000080500000, 0x0000000080600000, 0x0000000080600000|100%| O|  |TAMS 0x0000000080600000, 0x0000000080500000| Untracked 
|   6|0x0000000080600000, 0x0000000080700000, 0x0000000080700000|100%| O|  |TAMS 0x0000000080700000, 0x0000000080600000| Untracked 
|   7|0x0000000080700000, 0x0000000080800000, 0x0000000080800000|100%| O|  |TAMS 0x0000000080800000, 0x0000000080700000| Untracked 
|   8|0x0000000080800000, 0x0000000080900000, 0x0000000080900000|100%| O|  |TAMS 0x0000000080900000, 0x0000000080800000| Untracked 
|   9|0x0000000080900000, 0x0000000080a00000, 0x0000000080a00000|100%| O|  |TAMS 0x0000000080a00000, 0x0000000080900000| Untracked 
|  10|0x0000000080a00000, 0x0000000080b00000, 0x0000000080b00000|100%| O|  |TAMS 0x0000000080b00000, 0x0000000080a00000| Untracked 
|  11|0x0000000080b00000, 0x0000000080b00000, 0x0000000080c00000|  0%| F|  |TAMS 0x0000000080b00000, 0x0000000080b00000| Untracked 
|  12|0x0000000080c00000, 0x0000000080d00000, 0x0000000080d00000|100%| O|  |TAMS 0x0000000080d00000, 0x0000000080c00000| Untracked 
|  13|0x0000000080d00000, 0x0000000080e00000, 0x0000000080e00000|100%| O|  |TAMS 0x0000000080e00000, 0x0000000080d00000| Untracked 
|  14|0x0000000080e00000, 0x0000000080f00000, 0x0000000080f00000|100%| O|  |TAMS 0x0000000080f00000, 0x0000000080e00000| Untracked 
|  15|0x0000000080f00000, 0x0000000081000000, 0x0000000081000000|100%| O|  |TAMS 0x0000000081000000, 0x0000000080f00000| Untracked 
|  16|0x0000000081000000, 0x0000000081100000, 0x0000000081100000|100%| O|  |TAMS 0x0000000081100000, 0x0000000081000000| Untracked 
|  17|0x0000000081100000, 0x0000000081200000, 0x0000000081200000|100%| O|  |TAMS 0x0000000081200000, 0x0000000081100000| Untracked 
|  18|0x0000000081200000, 0x0000000081300000, 0x0000000081300000|100%| O|  |TAMS 0x0000000081300000, 0x0000000081200000| Untracked 
|  19|0x0000000081300000, 0x0000000081400000, 0x0000000081400000|100%| O|  |TAMS 0x0000000081400000, 0x0000000081300000| Untracked 
|  20|0x0000000081400000, 0x0000000081500000, 0x0000000081500000|100%| O|  |TAMS 0x0000000081500000, 0x0000000081400000| Untracked 
|  21|0x0000000081500000, 0x0000000081600000, 0x0000000081600000|100%| O|  |TAMS 0x0000000081600000, 0x0000000081500000| Untracked 
|  22|0x0000000081600000, 0x0000000081700000, 0x0000000081700000|100%| O|  |TAMS 0x0000000081700000, 0x0000000081600000| Untracked 
|  23|0x0000000081700000, 0x0000000081800000, 0x0000000081800000|100%| O|  |TAMS 0x0000000081800000, 0x0000000081700000| Untracked 
|  24|0x0000000081800000, 0x0000000081900000, 0x0000000081900000|100%| O|  |TAMS 0x0000000081900000, 0x0000000081800000| Untracked 
|  25|0x0000000081900000, 0x0000000081a00000, 0x0000000081a00000|100%| O|  |TAMS 0x0000000081a00000, 0x0000000081900000| Untracked 
|  26|0x0000000081a00000, 0x0000000081b00000, 0x0000000081b00000|100%| O|  |TAMS 0x0000000081b00000, 0x0000000081a00000| Untracked 
|  27|0x0000000081b00000, 0x0000000081c00000, 0x0000000081c00000|100%| O|  |TAMS 0x0000000081c00000, 0x0000000081b00000| Untracked 
|  28|0x0000000081c00000, 0x0000000081d00000, 0x0000000081d00000|100%| O|  |TAMS 0x0000000081d00000, 0x0000000081c00000| Untracked 
|  29|0x0000000081d00000, 0x0000000081e00000, 0x0000000081e00000|100%| O|  |TAMS 0x0000000081e00000, 0x0000000081d00000| Untracked 
|  30|0x0000000081e00000, 0x0000000081f00000, 0x0000000081f00000|100%| O|  |TAMS 0x0000000081f00000, 0x0000000081e00000| Untracked 
|  31|0x0000000081f00000, 0x0000000082000000, 0x0000000082000000|100%| O|  |TAMS 0x0000000082000000, 0x0000000081f00000| Untracked 
|  32|0x0000000082000000, 0x0000000082100000, 0x0000000082100000|100%| O|  |TAMS 0x0000000082100000, 0x0000000082000000| Untracked 
|  33|0x0000000082100000, 0x0000000082200000, 0x0000000082200000|100%| O|  |TAMS 0x0000000082200000, 0x0000000082100000| Untracked 
|  34|0x0000000082200000, 0x0000000082300000, 0x0000000082300000|100%| O|  |TAMS 0x0000000082300000, 0x0000000082200000| Untracked 
|  35|0x0000000082300000, 0x0000000082400000, 0x0000000082400000|100%|HS|  |TAMS 0x0000000082400000, 0x0000000082300000| Complete 
|  36|0x0000000082400000, 0x0000000082500000, 0x0000000082500000|100%|HS|  |TAMS 0x0000000082500000, 0x0000000082400000| Complete 
|  37|0x0000000082500000, 0x0000000082600000, 0x0000000082600000|100%|HS|  |TAMS 0x0000000082600000, 0x0000000082500000| Complete 
|  38|0x0000000082600000, 0x0000000082700000, 0x0000000082700000|100%| O|  |TAMS 0x0000000082700000, 0x0000000082600000| Untracked 
|  39|0x0000000082700000, 0x0000000082800000, 0x0000000082800000|100%| O|  |TAMS 0x0000000082800000, 0x0000000082700000| Untracked 
|  40|0x0000000082800000, 0x0000000082900000, 0x0000000082900000|100%| O|  |TAMS 0x0000000082900000, 0x0000000082800000| Untracked 
|  41|0x0000000082900000, 0x0000000082a00000, 0x0000000082a00000|100%| O|  |TAMS 0x0000000082a00000, 0x0000000082900000| Untracked 
|  42|0x0000000082a00000, 0x0000000082b00000, 0x0000000082b00000|100%| O|  |TAMS 0x0000000082b00000, 0x0000000082a00000| Untracked 
|  43|0x0000000082b00000, 0x0000000082c00000, 0x0000000082c00000|100%| O|  |TAMS 0x0000000082c00000, 0x0000000082b00000| Untracked 
|  44|0x0000000082c00000, 0x0000000082d00000, 0x0000000082d00000|100%| O|  |TAMS 0x0000000082d00000, 0x0000000082c00000| Untracked 
|  45|0x0000000082d00000, 0x0000000082e00000, 0x0000000082e00000|100%| O|  |TAMS 0x0000000082e00000, 0x0000000082d00000| Untracked 
|  46|0x0000000082e00000, 0x0000000082f00000, 0x0000000082f00000|100%| O|  |TAMS 0x0000000082f00000, 0x0000000082e00000| Untracked 
|  47|0x0000000082f00000, 0x0000000083000000, 0x0000000083000000|100%| O|  |TAMS 0x0000000083000000, 0x0000000082f00000| Untracked 
|  48|0x0000000083000000, 0x0000000083100000, 0x0000000083100000|100%| O|  |TAMS 0x0000000083100000, 0x0000000083000000| Untracked 
|  49|0x0000000083100000, 0x0000000083200000, 0x0000000083200000|100%| O|  |TAMS 0x000000008314b800, 0x0000000083100000| Untracked 
|  50|0x0000000083200000, 0x0000000083300000, 0x0000000083300000|100%| O|  |TAMS 0x0000000083200000, 0x0000000083200000| Untracked 
|  51|0x0000000083300000, 0x0000000083400000, 0x0000000083400000|100%| O|  |TAMS 0x0000000083300000, 0x0000000083300000| Untracked 
|  52|0x0000000083400000, 0x000000008345ea00, 0x0000000083500000| 36%| O|  |TAMS 0x0000000083400000, 0x0000000083400000| Untracked 
|  53|0x0000000083500000, 0x0000000083500000, 0x0000000083600000|  0%| F|  |TAMS 0x0000000083500000, 0x0000000083500000| Untracked 
|  54|0x0000000083600000, 0x0000000083600000, 0x0000000083700000|  0%| F|  |TAMS 0x0000000083600000, 0x0000000083600000| Untracked 
|  55|0x0000000083700000, 0x0000000083700000, 0x0000000083800000|  0%| F|  |TAMS 0x0000000083700000, 0x0000000083700000| Untracked 
|  56|0x0000000083800000, 0x0000000083800000, 0x0000000083900000|  0%| F|  |TAMS 0x0000000083800000, 0x0000000083800000| Untracked 
|  57|0x0000000083900000, 0x0000000083900000, 0x0000000083a00000|  0%| F|  |TAMS 0x0000000083900000, 0x0000000083900000| Untracked 
|  58|0x0000000083a00000, 0x0000000083a00000, 0x0000000083b00000|  0%| F|  |TAMS 0x0000000083a00000, 0x0000000083a00000| Untracked 
|  59|0x0000000083b00000, 0x0000000083b00000, 0x0000000083c00000|  0%| F|  |TAMS 0x0000000083b00000, 0x0000000083b00000| Untracked 
|  60|0x0000000083c00000, 0x0000000083c00000, 0x0000000083d00000|  0%| F|  |TAMS 0x0000000083c00000, 0x0000000083c00000| Untracked 
|  61|0x0000000083d00000, 0x0000000083d00000, 0x0000000083e00000|  0%| F|  |TAMS 0x0000000083d00000, 0x0000000083d00000| Untracked 
|  62|0x0000000083e00000, 0x0000000083e00000, 0x0000000083f00000|  0%| F|  |TAMS 0x0000000083e00000, 0x0000000083e00000| Untracked 
|  63|0x0000000083f00000, 0x0000000083f00000, 0x0000000084000000|  0%| F|  |TAMS 0x0000000083f00000, 0x0000000083f00000| Untracked 
|  64|0x0000000084000000, 0x0000000084000000, 0x0000000084100000|  0%| F|  |TAMS 0x0000000084000000, 0x0000000084000000| Untracked 
|  65|0x0000000084100000, 0x0000000084100000, 0x0000000084200000|  0%| F|  |TAMS 0x0000000084100000, 0x0000000084100000| Untracked 
|  66|0x0000000084200000, 0x0000000084200000, 0x0000000084300000|  0%| F|  |TAMS 0x0000000084200000, 0x0000000084200000| Untracked 
|  67|0x0000000084300000, 0x0000000084300000, 0x0000000084400000|  0%| F|  |TAMS 0x0000000084300000, 0x0000000084300000| Untracked 
|  68|0x0000000084400000, 0x0000000084400000, 0x0000000084500000|  0%| F|  |TAMS 0x0000000084400000, 0x0000000084400000| Untracked 
|  69|0x0000000084500000, 0x0000000084500000, 0x0000000084600000|  0%| F|  |TAMS 0x0000000084500000, 0x0000000084500000| Untracked 
|  70|0x0000000084600000, 0x0000000084600000, 0x0000000084700000|  0%| F|  |TAMS 0x0000000084600000, 0x0000000084600000| Untracked 
|  71|0x0000000084700000, 0x0000000084700000, 0x0000000084800000|  0%| F|  |TAMS 0x0000000084700000, 0x0000000084700000| Untracked 
|  72|0x0000000084800000, 0x0000000084800000, 0x0000000084900000|  0%| F|  |TAMS 0x0000000084800000, 0x0000000084800000| Untracked 
|  73|0x0000000084900000, 0x0000000084900000, 0x0000000084a00000|  0%| F|  |TAMS 0x0000000084900000, 0x0000000084900000| Untracked 
|  74|0x0000000084a00000, 0x0000000084a00000, 0x0000000084b00000|  0%| F|  |TAMS 0x0000000084a00000, 0x0000000084a00000| Untracked 
|  75|0x0000000084b00000, 0x0000000084b00000, 0x0000000084c00000|  0%| F|  |TAMS 0x0000000084b00000, 0x0000000084b00000| Untracked 
|  76|0x0000000084c00000, 0x0000000084c00000, 0x0000000084d00000|  0%| F|  |TAMS 0x0000000084c00000, 0x0000000084c00000| Untracked 
|  77|0x0000000084d00000, 0x0000000084d00000, 0x0000000084e00000|  0%| F|  |TAMS 0x0000000084d00000, 0x0000000084d00000| Untracked 
|  78|0x0000000084e00000, 0x0000000084e00000, 0x0000000084f00000|  0%| F|  |TAMS 0x0000000084e00000, 0x0000000084e00000| Untracked 
|  79|0x0000000084f00000, 0x0000000084f00000, 0x0000000085000000|  0%| F|  |TAMS 0x0000000084f00000, 0x0000000084f00000| Untracked 
|  80|0x0000000085000000, 0x0000000085000000, 0x0000000085100000|  0%| F|  |TAMS 0x0000000085000000, 0x0000000085000000| Untracked 
|  81|0x0000000085100000, 0x0000000085100000, 0x0000000085200000|  0%| F|  |TAMS 0x0000000085100000, 0x0000000085100000| Untracked 
|  82|0x0000000085200000, 0x0000000085200000, 0x0000000085300000|  0%| F|  |TAMS 0x0000000085200000, 0x0000000085200000| Untracked 
|  83|0x0000000085300000, 0x0000000085300000, 0x0000000085400000|  0%| F|  |TAMS 0x0000000085300000, 0x0000000085300000| Untracked 
|  84|0x0000000085400000, 0x0000000085400000, 0x0000000085500000|  0%| F|  |TAMS 0x0000000085400000, 0x0000000085400000| Untracked 
|  85|0x0000000085500000, 0x0000000085500000, 0x0000000085600000|  0%| F|  |TAMS 0x0000000085500000, 0x0000000085500000| Untracked 
|  86|0x0000000085600000, 0x0000000085600000, 0x0000000085700000|  0%| F|  |TAMS 0x0000000085600000, 0x0000000085600000| Untracked 
|  87|0x0000000085700000, 0x0000000085700000, 0x0000000085800000|  0%| F|  |TAMS 0x0000000085700000, 0x0000000085700000| Untracked 
|  88|0x0000000085800000, 0x0000000085800000, 0x0000000085900000|  0%| F|  |TAMS 0x0000000085800000, 0x0000000085800000| Untracked 
|  89|0x0000000085900000, 0x00000000859444d0, 0x0000000085a00000| 26%| S|CS|TAMS 0x0000000085900000, 0x0000000085900000| Complete 
|  90|0x0000000085a00000, 0x0000000085a63000, 0x0000000085b00000| 38%| E|  |TAMS 0x0000000085a00000, 0x0000000085a00000| Complete 
| 117|0x0000000087500000, 0x0000000087600000, 0x0000000087600000|100%| E|CS|TAMS 0x0000000087500000, 0x0000000087500000| Complete 

Card table byte_map: [0x00000195ac6f0000,0x00000195acaf0000] _byte_map_base: 0x00000195ac2f0000

Marking Bits (Prev, Next): (CMBitMap*) 0x00000195999242d0, (CMBitMap*) 0x0000019599924310
 Prev Bits: [0x00000195acef0000, 0x00000195aeef0000)
 Next Bits: [0x00000195aeef0000, 0x00000195b0ef0000)

Polling page: 0x0000019599090000

Metaspace:

Usage:
  Non-class:     56.06 MB used.
      Class:      8.50 MB used.
       Both:     64.55 MB used.

Virtual space:
  Non-class space:       64.00 MB reserved,      56.31 MB ( 88%) committed,  8 nodes.
      Class space:        1.00 GB reserved,       8.69 MB ( <1%) committed,  1 nodes.
             Both:        1.06 GB reserved,      65.00 MB (  6%) committed. 

Chunk freelists:
   Non-Class:  2.94 MB
       Class:  3.19 MB
        Both:  6.13 MB

MaxMetaspaceSize: unlimited
CompressedClassSpaceSize: 1.00 GB
Initial GC threshold: 21.00 MB
Current GC threshold: 104.00 MB
CDS: off
MetaspaceReclaimPolicy: balanced
 - commit_granule_bytes: 65536.
 - commit_granule_words: 8192.
 - virtual_space_node_default_size: 1048576.
 - enlarge_chunks_in_place: 1.
 - new_chunks_are_fully_committed: 0.
 - uncommit_free_chunks: 1.
 - use_allocation_guard: 0.
 - handle_deallocations: 1.


Internal statistics:

num_allocs_failed_limit: 6.
num_arena_births: 590.
num_arena_deaths: 0.
num_vsnodes_births: 9.
num_vsnodes_deaths: 0.
num_space_committed: 1040.
num_space_uncommitted: 0.
num_chunks_returned_to_freelist: 6.
num_chunks_taken_from_freelist: 2633.
num_chunk_merges: 6.
num_chunk_splits: 1768.
num_chunks_enlarged: 1205.
num_purges: 0.
num_inconsistent_stats: 0.

CodeHeap 'non-profiled nmethods': size=120000Kb used=3062Kb max_used=3275Kb free=116937Kb
 bounds [0x00000195a4860000, 0x00000195a4bb0000, 0x00000195abd90000]
CodeHeap 'profiled nmethods': size=120000Kb used=10789Kb max_used=10789Kb free=109210Kb
 bounds [0x000001959cd90000, 0x000001959d820000, 0x00000195a42c0000]
CodeHeap 'non-nmethods': size=5760Kb used=2367Kb max_used=2419Kb free=3392Kb
 bounds [0x00000195a42c0000, 0x00000195a4530000, 0x00000195a4860000]
 total_blobs=6658 nmethods=5766 adapters=804
 compilation: enabled
              stopped_count=0, restarted_count=0
 full_count=0

Compilation events (20 events):
Event: 13.031 Thread 0x00000195b442a420 6594       3       org.gradle.internal.Describables$AbstractDescribable::<init> (5 bytes)
Event: 13.031 Thread 0x00000195b442a420 nmethod 6594 0x000001959ce91f10 code [0x000001959ce920a0, 0x000001959ce921f8]
Event: 13.038 Thread 0x00000195b442a420 6595 %     3       org.gradle.internal.instantiation.generator.AbstractClassGenerator::inspectType @ 517 (560 bytes)
Event: 13.043 Thread 0x00000195b442a420 nmethod 6595% 0x000001959cdcb510 code [0x000001959cdcbcc0, 0x000001959cdd09c8]
Event: 13.043 Thread 0x00000195b442a420 6597       3       com.google.common.util.concurrent.AbstractFuture::clearListeners (39 bytes)
Event: 13.043 Thread 0x00000195b442a420 nmethod 6597 0x000001959cdcae10 code [0x000001959cdcafc0, 0x000001959cdcb228]
Event: 13.043 Thread 0x00000195b442a420 6596       3       org.gradle.internal.instantiation.generator.AsmBackedClassGenerator$ClassBuilderImpl::access$4100 (4 bytes)
Event: 13.043 Thread 0x00000195b442a420 nmethod 6596 0x000001959d2df890 code [0x000001959d2dfa20, 0x000001959d2dfb18]
Event: 13.043 Thread 0x00000195b442a420 6598       3       org.objectweb.asm.Frame::addInitializedType (77 bytes)
Event: 13.044 Thread 0x00000195b442a420 nmethod 6598 0x000001959ce91690 code [0x000001959ce91860, 0x000001959ce91d88]
Event: 13.046 Thread 0x00000195b442a420 6599       3       sun.invoke.util.VerifyAccess$1::<init> (15 bytes)
Event: 13.047 Thread 0x00000195b442a420 nmethod 6599 0x000001959ce91210 code [0x000001959ce913c0, 0x000001959ce915d8]
Event: 13.047 Thread 0x00000195b442a420 6600       3       sun.invoke.util.VerifyAccess$1::run (5 bytes)
Event: 13.047 Thread 0x00000195b442a420 nmethod 6600 0x000001959ce90d90 code [0x000001959ce90f40, 0x000001959ce91148]
Event: 13.048 Thread 0x00000195b442a420 6601       3       java.util.concurrent.atomic.AtomicBoolean::<init> (5 bytes)
Event: 13.049 Thread 0x00000195b442a420 nmethod 6601 0x000001959ce90a10 code [0x000001959ce90ba0, 0x000001959ce90cf8]
Event: 13.051 Thread 0x00000195b442a420 6602       3       org.gradle.internal.instantiation.generator.AsmBackedClassGenerator$ClassBuilderImpl::addSetter (9 bytes)
Event: 13.051 Thread 0x00000195b442a420 nmethod 6602 0x000001959ce90610 code [0x000001959ce907c0, 0x000001959ce90908]
Event: 13.051 Thread 0x00000195b442a420 6603       3       org.gradle.internal.instantiation.generator.AsmBackedClassGenerator$ClassBuilderImpl::addSetter (16 bytes)
Event: 13.052 Thread 0x00000195b442a420 nmethod 6603 0x000001959ce8fa90 code [0x000001959ce8fca0, 0x000001959ce90398]

GC Heap History (20 events):
Event: 5.249 GC heap before
{Heap before GC invocations=8 (full 0):
 garbage-first heap   total 71680K, used 50843K [0x0000000080000000, 0x0000000100000000)
  region size 1024K, 31 young (31744K), 4 survivors (4096K)
 Metaspace       used 40596K, committed 40960K, reserved 1089536K
  class space    used 5374K, committed 5504K, reserved 1048576K
}
Event: 5.255 GC heap after
{Heap after GC invocations=9 (full 0):
 garbage-first heap   total 71680K, used 28462K [0x0000000080000000, 0x0000000100000000)
  region size 1024K, 4 young (4096K), 4 survivors (4096K)
 Metaspace       used 40596K, committed 40960K, reserved 1089536K
  class space    used 5374K, committed 5504K, reserved 1048576K
}
Event: 5.659 GC heap before
{Heap before GC invocations=9 (full 0):
 garbage-first heap   total 71680K, used 55086K [0x0000000080000000, 0x0000000100000000)
  region size 1024K, 28 young (28672K), 4 survivors (4096K)
 Metaspace       used 42784K, committed 43136K, reserved 1089536K
  class space    used 5582K, committed 5696K, reserved 1048576K
}
Event: 5.663 GC heap after
{Heap after GC invocations=10 (full 0):
 garbage-first heap   total 86016K, used 30455K [0x0000000080000000, 0x0000000100000000)
  region size 1024K, 3 young (3072K), 3 survivors (3072K)
 Metaspace       used 42784K, committed 43136K, reserved 1089536K
  class space    used 5582K, committed 5696K, reserved 1048576K
}
Event: 6.463 GC heap before
{Heap before GC invocations=10 (full 0):
 garbage-first heap   total 86016K, used 64247K [0x0000000080000000, 0x0000000100000000)
  region size 1024K, 36 young (36864K), 3 survivors (3072K)
 Metaspace       used 47329K, committed 47744K, reserved 1097728K
  class space    used 6186K, committed 6400K, reserved 1048576K
}
Event: 6.466 GC heap after
{Heap after GC invocations=11 (full 0):
 garbage-first heap   total 86016K, used 33127K [0x0000000080000000, 0x0000000100000000)
  region size 1024K, 3 young (3072K), 3 survivors (3072K)
 Metaspace       used 47329K, committed 47744K, reserved 1097728K
  class space    used 6186K, committed 6400K, reserved 1048576K
}
Event: 7.224 GC heap before
{Heap before GC invocations=11 (full 0):
 garbage-first heap   total 86016K, used 64871K [0x0000000080000000, 0x0000000100000000)
  region size 1024K, 34 young (34816K), 3 survivors (3072K)
 Metaspace       used 51099K, committed 51584K, reserved 1097728K
  class space    used 6767K, committed 6976K, reserved 1048576K
}
Event: 7.227 GC heap after
{Heap after GC invocations=12 (full 0):
 garbage-first heap   total 86016K, used 35124K [0x0000000080000000, 0x0000000100000000)
  region size 1024K, 2 young (2048K), 2 survivors (2048K)
 Metaspace       used 51099K, committed 51584K, reserved 1097728K
  class space    used 6767K, committed 6976K, reserved 1048576K
}
Event: 8.765 GC heap before
{Heap before GC invocations=12 (full 0):
 garbage-first heap   total 86016K, used 64820K [0x0000000080000000, 0x0000000100000000)
  region size 1024K, 32 young (32768K), 2 survivors (2048K)
 Metaspace       used 58190K, committed 58624K, reserved 1105920K
  class space    used 7642K, committed 7808K, reserved 1048576K
}
Event: 8.768 GC heap after
{Heap after GC invocations=13 (full 0):
 garbage-first heap   total 86016K, used 38862K [0x0000000080000000, 0x0000000100000000)
  region size 1024K, 4 young (4096K), 4 survivors (4096K)
 Metaspace       used 58190K, committed 58624K, reserved 1105920K
  class space    used 7642K, committed 7808K, reserved 1048576K
}
Event: 11.019 GC heap before
{Heap before GC invocations=13 (full 0):
 garbage-first heap   total 86016K, used 68558K [0x0000000080000000, 0x0000000100000000)
  region size 1024K, 31 young (31744K), 4 survivors (4096K)
 Metaspace       used 58822K, committed 59200K, reserved 1105920K
  class space    used 7707K, committed 7872K, reserved 1048576K
}
Event: 11.023 GC heap after
{Heap after GC invocations=14 (full 0):
 garbage-first heap   total 86016K, used 49028K [0x0000000080000000, 0x0000000100000000)
  region size 1024K, 4 young (4096K), 4 survivors (4096K)
 Metaspace       used 58822K, committed 59200K, reserved 1105920K
  class space    used 7707K, committed 7872K, reserved 1048576K
}
Event: 11.025 GC heap before
{Heap before GC invocations=14 (full 0):
 garbage-first heap   total 86016K, used 49028K [0x0000000080000000, 0x0000000100000000)
  region size 1024K, 5 young (5120K), 4 survivors (4096K)
 Metaspace       used 58822K, committed 59200K, reserved 1105920K
  class space    used 7707K, committed 7872K, reserved 1048576K
}
Event: 11.027 GC heap after
{Heap after GC invocations=15 (full 0):
 garbage-first heap   total 86016K, used 49777K [0x0000000080000000, 0x0000000100000000)
  region size 1024K, 1 young (1024K), 1 survivors (1024K)
 Metaspace       used 58822K, committed 59200K, reserved 1105920K
  class space    used 7707K, committed 7872K, reserved 1048576K
}
Event: 12.424 GC heap before
{Heap before GC invocations=16 (full 0):
 garbage-first heap   total 91136K, used 65137K [0x0000000080000000, 0x0000000100000000)
  region size 1024K, 16 young (16384K), 1 survivors (1024K)
 Metaspace       used 60583K, committed 61120K, reserved 1105920K
  class space    used 7959K, committed 8192K, reserved 1048576K
}
Event: 12.427 GC heap after
{Heap after GC invocations=17 (full 0):
 garbage-first heap   total 91136K, used 51455K [0x0000000080000000, 0x0000000100000000)
  region size 1024K, 2 young (2048K), 2 survivors (2048K)
 Metaspace       used 60583K, committed 61120K, reserved 1105920K
  class space    used 7959K, committed 8192K, reserved 1048576K
}
Event: 12.727 GC heap before
{Heap before GC invocations=17 (full 0):
 garbage-first heap   total 91136K, used 68863K [0x0000000080000000, 0x0000000100000000)
  region size 1024K, 19 young (19456K), 2 survivors (2048K)
 Metaspace       used 63128K, committed 63680K, reserved 1105920K
  class space    used 8289K, committed 8576K, reserved 1048576K
}
Event: 12.729 GC heap after
{Heap after GC invocations=18 (full 0):
 garbage-first heap   total 91136K, used 52190K [0x0000000080000000, 0x0000000100000000)
  region size 1024K, 1 young (1024K), 1 survivors (1024K)
 Metaspace       used 63128K, committed 63680K, reserved 1105920K
  class space    used 8289K, committed 8576K, reserved 1048576K
}
Event: 13.039 GC heap before
{Heap before GC invocations=19 (full 0):
 garbage-first heap   total 94208K, used 69598K [0x0000000080000000, 0x0000000100000000)
  region size 1024K, 18 young (18432K), 1 survivors (1024K)
 Metaspace       used 65816K, committed 66368K, reserved 1114112K
  class space    used 8641K, committed 8896K, reserved 1048576K
}
Event: 13.041 GC heap after
{Heap after GC invocations=20 (full 0):
 garbage-first heap   total 94208K, used 52728K [0x0000000080000000, 0x0000000100000000)
  region size 1024K, 2 young (2048K), 2 survivors (2048K)
 Metaspace       used 65816K, committed 66368K, reserved 1114112K
  class space    used 8641K, committed 8896K, reserved 1048576K
}

Dll operation events (2 events):
Event: 0.010 Loaded shared library D:\AndroidStudio\jbr\bin\java.dll
Event: 0.476 Loaded shared library D:\AndroidStudio\jbr\bin\verify.dll

Deoptimization events (20 events):
Event: 12.643 Thread 0x00000195b737a400 Uncommon trap: trap_request=0xffffffde fr.pc=0x00000195a4b77270 relative=0x0000000000002750
Event: 12.643 Thread 0x00000195b737a400 Uncommon trap: reason=class_check action=maybe_recompile pc=0x00000195a4b77270 method=java.util.jar.JarFile.getManifestFromReference()Ljava/util/jar/Manifest; @ 152 c2
Event: 12.643 Thread 0x00000195b737a400 DEOPT PACKING pc=0x00000195a4b77270 sp=0x00000013888f7000
Event: 12.643 Thread 0x00000195b737a400 DEOPT UNPACKING pc=0x00000195a43169a3 sp=0x00000013888f6f70 mode 2
Event: 12.657 Thread 0x00000195b737a400 Uncommon trap: trap_request=0xffffffde fr.pc=0x00000195a4a78580 relative=0x0000000000000240
Event: 12.657 Thread 0x00000195b737a400 Uncommon trap: reason=class_check action=maybe_recompile pc=0x00000195a4a78580 method=java.util.stream.AbstractPipeline.copyIntoWithCancel(Ljava/util/stream/Sink;Ljava/util/Spliterator;)Z @ 32 c2
Event: 12.657 Thread 0x00000195b737a400 DEOPT PACKING pc=0x00000195a4a78580 sp=0x00000013888f6bf0
Event: 12.657 Thread 0x00000195b737a400 DEOPT UNPACKING pc=0x00000195a43169a3 sp=0x00000013888f6b78 mode 2
Event: 12.657 Thread 0x00000195b737a400 Uncommon trap: trap_request=0xffffffde fr.pc=0x00000195a4a78580 relative=0x0000000000000240
Event: 12.657 Thread 0x00000195b737a400 Uncommon trap: reason=class_check action=maybe_recompile pc=0x00000195a4a78580 method=java.util.stream.AbstractPipeline.copyIntoWithCancel(Ljava/util/stream/Sink;Ljava/util/Spliterator;)Z @ 32 c2
Event: 12.657 Thread 0x00000195b737a400 DEOPT PACKING pc=0x00000195a4a78580 sp=0x00000013888f6bf0
Event: 12.657 Thread 0x00000195b737a400 DEOPT UNPACKING pc=0x00000195a43169a3 sp=0x00000013888f6b78 mode 2
Event: 12.657 Thread 0x00000195b737a400 Uncommon trap: trap_request=0xffffffde fr.pc=0x00000195a4a78580 relative=0x0000000000000240
Event: 12.657 Thread 0x00000195b737a400 Uncommon trap: reason=class_check action=maybe_recompile pc=0x00000195a4a78580 method=java.util.stream.AbstractPipeline.copyIntoWithCancel(Ljava/util/stream/Sink;Ljava/util/Spliterator;)Z @ 32 c2
Event: 12.657 Thread 0x00000195b737a400 DEOPT PACKING pc=0x00000195a4a78580 sp=0x00000013888f6bf0
Event: 12.657 Thread 0x00000195b737a400 DEOPT UNPACKING pc=0x00000195a43169a3 sp=0x00000013888f6b78 mode 2
Event: 12.872 Thread 0x00000195b737a400 Uncommon trap: trap_request=0xffffffdc fr.pc=0x00000195a4887da0 relative=0x0000000000000280
Event: 12.872 Thread 0x00000195b737a400 Uncommon trap: reason=class_check action=make_not_entrant pc=0x00000195a4887da0 method=java.util.ArrayList.toArray([Ljava/lang/Object;)[Ljava/lang/Object; @ 21 c2
Event: 12.872 Thread 0x00000195b737a400 DEOPT PACKING pc=0x00000195a4887da0 sp=0x00000013888f73f0
Event: 12.872 Thread 0x00000195b737a400 DEOPT UNPACKING pc=0x00000195a43169a3 sp=0x00000013888f73c0 mode 2

Classes unloaded (0 events):
No events

Classes redefined (0 events):
No events

Internal exceptions (20 events):
Event: 9.190 Thread 0x00000195b737a400 Exception <a 'java/lang/NoSuchMethodError'{0x0000000083f05580}: 'long java.lang.invoke.DirectMethodHandle$Holder.invokeVirtual(java.lang.Object, java.lang.Object)'> (0x0000000083f05580) 
thrown [s\src\hotspot\share\interpreter\linkResolver.cpp, line 771]
Event: 9.196 Thread 0x00000195b73790c0 Exception <a 'java/lang/NoSuchMethodError'{0x0000000083f88538}: static Lorg/gradle/internal/build/event/types/DefaultOperationFinishedProgressEvent;.<clinit>()V> (0x0000000083f88538) 
thrown [s\src\hotspot\share\prims\jni.cpp, line 1108]
Event: 9.198 Thread 0x00000195b73790c0 Exception <a 'java/lang/NoSuchMethodError'{0x0000000083fadfe0}: static Lorg/gradle/internal/build/event/types/DefaultProjectConfigurationSuccessResult;.<clinit>()V> (0x0000000083fadfe0) 
thrown [s\src\hotspot\share\prims\jni.cpp, line 1108]
Event: 9.198 Thread 0x00000195b73790c0 Exception <a 'java/lang/NoSuchMethodError'{0x0000000083faf2f0}: static Lorg/gradle/internal/build/event/types/AbstractProjectConfigurationResult;.<clinit>()V> (0x0000000083faf2f0) 
thrown [s\src\hotspot\share\prims\jni.cpp, line 1108]
Event: 9.198 Thread 0x00000195b73790c0 Exception <a 'java/lang/NoSuchMethodError'{0x0000000083fb0a80}: static Lorg/gradle/internal/build/event/types/AbstractOperationResult;.<clinit>()V> (0x0000000083fb0a80) 
thrown [s\src\hotspot\share\prims\jni.cpp, line 1108]
Event: 9.198 Thread 0x00000195b73790c0 Exception <a 'java/lang/NoSuchMethodError'{0x0000000083fb1c90}: static Lorg/gradle/internal/build/event/types/AbstractResult;.<clinit>()V> (0x0000000083fb1c90) 
thrown [s\src\hotspot\share\prims\jni.cpp, line 1108]
Event: 9.200 Thread 0x00000195b73790c0 Exception <a 'java/lang/NoSuchMethodError'{0x0000000083fc79b0}: static Lorg/gradle/internal/build/event/types/DefaultPluginApplicationResult;.<clinit>()V> (0x0000000083fc79b0) 
thrown [s\src\hotspot\share\prims\jni.cpp, line 1108]
Event: 9.201 Thread 0x00000195b73790c0 Exception <a 'java/lang/NoSuchMethodError'{0x0000000083fd3448}: static Lorg/gradle/internal/build/event/types/DefaultBinaryPluginIdentifier;.<clinit>()V> (0x0000000083fd3448) 
thrown [s\src\hotspot\share\prims\jni.cpp, line 1108]
Event: 9.202 Thread 0x00000195b73790c0 Exception <a 'java/lang/NoSuchMethodError'{0x0000000083fe92d0}: static Lorg/gradle/internal/build/event/types/DefaultScriptPluginIdentifier;.<clinit>()V> (0x0000000083fe92d0) 
thrown [s\src\hotspot\share\prims\jni.cpp, line 1108]
Event: 9.242 Thread 0x00000195b737a400 Exception <a 'java/lang/ClassNotFoundException'{0x0000000083e31ab0}: build_9n26rckkl5kmpv0xl9396u2xtBeanInfo> (0x0000000083e31ab0) 
thrown [s\src\hotspot\share\classfile\systemDictionary.cpp, line 256]
Event: 9.242 Thread 0x00000195b737a400 Exception <a 'java/lang/ClassNotFoundException'{0x0000000083e38330}: build_9n26rckkl5kmpv0xl9396u2xtCustomizer> (0x0000000083e38330) 
thrown [s\src\hotspot\share\classfile\systemDictionary.cpp, line 256]
Event: 11.050 Thread 0x00000195b3b8a0c0 Implicit null exception at 0x00000195a4b12e83 to 0x00000195a4b13048
Event: 12.085 Thread 0x00000195b7379f30 Implicit null exception at 0x00000195a48988f2 to 0x00000195a4898ec0
Event: 12.227 Thread 0x00000195b737a400 Exception <a 'java/lang/ClassNotFoundException'{0x000000008563fe78}: org/gradle/api/internal/plugins/DefaultObjectConfigurationActionBeanInfo> (0x000000008563fe78) 
thrown [s\src\hotspot\share\classfile\systemDictionary.cpp, line 256]
Event: 12.228 Thread 0x00000195b737a400 Exception <a 'java/lang/ClassNotFoundException'{0x0000000085652438}: org/gradle/api/internal/plugins/DefaultObjectConfigurationActionCustomizer> (0x0000000085652438) 
thrown [s\src\hotspot\share\classfile\systemDictionary.cpp, line 256]
Event: 12.394 Thread 0x00000195b737a400 Exception <a 'java/lang/NoSuchMethodError'{0x0000000084a4f6b8}: 'java.lang.Object java.lang.invoke.DirectMethodHandle$Holder.newInvokeSpecial(java.lang.Object, java.lang.Object, java.lang.Object, java.lang.Object, int)'> (0x0000000084a4f6b8) 
thrown [s\src\hotspot\share\interpreter\linkResolver.cpp, line 771]
Event: 12.395 Thread 0x00000195b737a400 Exception <a 'java/lang/NoSuchMethodError'{0x0000000084a54858}: 'java.lang.Object java.lang.invoke.DirectMethodHandle$Holder.invokeSpecial(java.lang.Object, java.lang.Object, java.lang.Object, java.lang.Object, java.lang.Object, int)'> (0x0000000084a54858) 
thrown [s\src\hotspot\share\interpreter\linkResolver.cpp, line 771]
Event: 12.395 Thread 0x00000195b737a400 Exception <a 'java/lang/NoSuchMethodError'{0x0000000084a59330}: 'java.lang.Object java.lang.invoke.Invokers$Holder.linkToTargetMethod(java.lang.Object, java.lang.Object, java.lang.Object, int, java.lang.Object)'> (0x0000000084a59330) 
thrown [s\src\hotspot\share\interpreter\linkResolver.cpp, line 771]
Event: 12.618 Thread 0x00000195b737a400 Exception <a 'java/lang/NoSuchMethodError'{0x0000000084efd9b0}: 'int java.lang.invoke.DirectMethodHandle$Holder.invokeInterface(java.lang.Object, java.lang.Object, java.lang.Object, java.lang.Object)'> (0x0000000084efd9b0) 
thrown [s\src\hotspot\share\interpreter\linkResolver.cpp, line 771]
Event: 12.942 Thread 0x00000195b737a400 Exception <a 'sun/nio/fs/WindowsException'{0x00000000851d33f0}> (0x00000000851d33f0) 
thrown [s\src\hotspot\share\prims\jni.cpp, line 517]

VM Operations (20 events):
Event: 11.056 Executing VM operation: G1Concurrent
Event: 11.057 Executing VM operation: G1Concurrent done
Event: 12.059 Executing VM operation: Cleanup
Event: 12.059 Executing VM operation: Cleanup done
Event: 12.088 Executing VM operation: HandshakeAllThreads
Event: 12.088 Executing VM operation: HandshakeAllThreads done
Event: 12.424 Executing VM operation: G1CollectForAllocation
Event: 12.427 Executing VM operation: G1CollectForAllocation done
Event: 12.605 Executing VM operation: HandshakeAllThreads
Event: 12.606 Executing VM operation: HandshakeAllThreads done
Event: 12.616 Executing VM operation: HandshakeAllThreads
Event: 12.616 Executing VM operation: HandshakeAllThreads done
Event: 12.726 Executing VM operation: G1CollectForAllocation
Event: 12.730 Executing VM operation: G1CollectForAllocation done
Event: 12.750 Executing VM operation: G1Concurrent
Event: 12.753 Executing VM operation: G1Concurrent done
Event: 12.763 Executing VM operation: G1Concurrent
Event: 12.763 Executing VM operation: G1Concurrent done
Event: 13.039 Executing VM operation: G1CollectForAllocation
Event: 13.041 Executing VM operation: G1CollectForAllocation done

Events (20 events):
Event: 12.864 loading class java/time/format/DateTimeFormatterBuilder$ZoneIdPrinterParser
Event: 12.864 loading class java/time/format/DateTimeFormatterBuilder$ZoneIdPrinterParser done
Event: 12.864 loading class java/time/format/DateTimeFormatterBuilder$StringLiteralPrinterParser
Event: 12.864 loading class java/time/format/DateTimeFormatterBuilder$StringLiteralPrinterParser done
Event: 12.864 loading class java/time/format/DateTimeFormatterBuilder$InstantPrinterParser
Event: 12.865 loading class java/time/format/DateTimeFormatterBuilder$InstantPrinterParser done
Event: 12.865 loading class java/time/format/DateTimeTextProvider$LocaleStore
Event: 12.865 loading class java/time/format/DateTimeTextProvider$LocaleStore done
Event: 12.865 loading class java/time/format/DateTimeTextProvider
Event: 12.865 loading class java/time/format/DateTimeTextProvider done
Event: 12.865 loading class java/time/format/DateTimeTextProvider$1
Event: 12.865 loading class java/time/format/DateTimeTextProvider$1 done
Event: 12.866 loading class java/time/format/DateTimeFormatterBuilder$1
Event: 12.866 loading class java/time/format/DateTimeFormatterBuilder$1 done
Event: 12.866 loading class java/time/format/DateTimeFormatterBuilder$TextPrinterParser
Event: 12.866 loading class java/time/format/DateTimeFormatterBuilder$TextPrinterParser done
Event: 12.867 loading class java/util/concurrent/Executors$DefaultThreadFactory
Event: 12.867 loading class java/util/concurrent/Executors$DefaultThreadFactory done
Event: 12.999 loading class java/util/regex/Pattern$1
Event: 12.999 loading class java/util/regex/Pattern$1 done


Dynamic libraries:
0x00007ff69f320000 - 0x00007ff69f32a000 	D:\AndroidStudio\jbr\bin\java.exe
0x00007ffd66f30000 - 0x00007ffd67147000 	C:\WINDOWS\SYSTEM32\ntdll.dll
0x00007ffd64ce0000 - 0x00007ffd64da4000 	C:\WINDOWS\System32\KERNEL32.DLL
0x00007ffd645a0000 - 0x00007ffd64946000 	C:\WINDOWS\System32\KERNELBASE.dll
0x00007ffd64b60000 - 0x00007ffd64c71000 	C:\WINDOWS\System32\ucrtbase.dll
0x00007ffd55a60000 - 0x00007ffd55a77000 	D:\AndroidStudio\jbr\bin\jli.dll
0x00007ffd66650000 - 0x00007ffd667fe000 	C:\WINDOWS\System32\USER32.dll
0x00007ffd5aba0000 - 0x00007ffd5ae33000 	C:\WINDOWS\WinSxS\amd64_microsoft.windows.common-controls_6595b64144ccf1df_6.0.22621.2506_none_270c5ae97388e100\COMCTL32.dll
0x00007ffd66e40000 - 0x00007ffd66ee7000 	C:\WINDOWS\System32\msvcrt.dll
0x00007ffd644b0000 - 0x00007ffd644d6000 	C:\WINDOWS\System32\win32u.dll
0x00007ffd65b50000 - 0x00007ffd65b79000 	C:\WINDOWS\System32\GDI32.dll
0x00007ffd642a0000 - 0x00007ffd643b8000 	C:\WINDOWS\System32\gdi32full.dll
0x00007ffd64ac0000 - 0x00007ffd64b5a000 	C:\WINDOWS\System32\msvcp_win.dll
0x00007ffd5f240000 - 0x00007ffd5f25b000 	D:\AndroidStudio\jbr\bin\VCRUNTIME140.dll
0x00007ffd64c80000 - 0x00007ffd64cb1000 	C:\WINDOWS\System32\IMM32.DLL
0x00007ffd5f2c0000 - 0x00007ffd5f2cc000 	D:\AndroidStudio\jbr\bin\vcruntime140_1.dll
0x00007ffd4e4d0000 - 0x00007ffd4e55d000 	D:\AndroidStudio\jbr\bin\msvcp140.dll
0x00007ffcdc750000 - 0x00007ffcdd3be000 	D:\AndroidStudio\jbr\bin\server\jvm.dll
0x00007ffd64e70000 - 0x00007ffd64f21000 	C:\WINDOWS\System32\ADVAPI32.dll
0x00007ffd64f30000 - 0x00007ffd64fd5000 	C:\WINDOWS\System32\sechost.dll
0x00007ffd64fe0000 - 0x00007ffd650f7000 	C:\WINDOWS\System32\RPCRT4.dll
0x00007ffd5d220000 - 0x00007ffd5d254000 	C:\WINDOWS\SYSTEM32\WINMM.dll
0x00007ffd596d0000 - 0x00007ffd596da000 	C:\WINDOWS\SYSTEM32\VERSION.dll
0x00007ffd55a10000 - 0x00007ffd55a19000 	C:\WINDOWS\SYSTEM32\WSOCK32.dll
0x00007ffd66dc0000 - 0x00007ffd66e31000 	C:\WINDOWS\System32\WS2_32.dll
0x00007ffd632a0000 - 0x00007ffd632b8000 	C:\WINDOWS\SYSTEM32\kernel.appcore.dll
0x00007ffd5f2f0000 - 0x00007ffd5f2fa000 	D:\AndroidStudio\jbr\bin\jimage.dll
0x00007ffd61c50000 - 0x00007ffd61e83000 	C:\WINDOWS\SYSTEM32\DBGHELP.DLL
0x00007ffd65dd0000 - 0x00007ffd66159000 	C:\WINDOWS\System32\combase.dll
0x00007ffd66ce0000 - 0x00007ffd66db7000 	C:\WINDOWS\System32\OLEAUT32.dll
0x00007ffd59630000 - 0x00007ffd59662000 	C:\WINDOWS\SYSTEM32\dbgcore.DLL
0x00007ffd643c0000 - 0x00007ffd6443a000 	C:\WINDOWS\System32\bcryptPrimitives.dll
0x00007ffd5d1c0000 - 0x00007ffd5d1e5000 	D:\AndroidStudio\jbr\bin\java.dll
0x00007ffd5bd40000 - 0x00007ffd5bd58000 	D:\AndroidStudio\jbr\bin\zip.dll
0x00007ffd65190000 - 0x00007ffd659ea000 	C:\WINDOWS\System32\SHELL32.dll
0x00007ffd621c0000 - 0x00007ffd62ab6000 	C:\WINDOWS\SYSTEM32\windows.storage.dll
0x00007ffd62080000 - 0x00007ffd621be000 	C:\WINDOWS\SYSTEM32\wintypes.dll
0x00007ffd65cd0000 - 0x00007ffd65dc3000 	C:\WINDOWS\System32\SHCORE.dll
0x00007ffd659f0000 - 0x00007ffd65a4e000 	C:\WINDOWS\System32\shlwapi.dll
0x00007ffd641d0000 - 0x00007ffd641f6000 	C:\WINDOWS\SYSTEM32\profapi.dll
0x00007ffd58020000 - 0x00007ffd58039000 	D:\AndroidStudio\jbr\bin\net.dll
0x00007ffd5d880000 - 0x00007ffd5d9b7000 	C:\WINDOWS\SYSTEM32\WINHTTP.dll
0x00007ffd63720000 - 0x00007ffd63789000 	C:\WINDOWS\system32\mswsock.dll
0x00007ffd55fb0000 - 0x00007ffd55fc6000 	D:\AndroidStudio\jbr\bin\nio.dll
0x00007ffd5f260000 - 0x00007ffd5f270000 	D:\AndroidStudio\jbr\bin\verify.dll
0x00007ffd25440000 - 0x00007ffd25467000 	C:\Users\ttkky\.gradle\native\68d5fa5c4cc2d200863cafc0d521ce42e7d3e7ee720ec0a83991735586a16f82\windows-amd64\native-platform.dll
0x00007ffd4e1f0000 - 0x00007ffd4e334000 	C:\Users\ttkky\.gradle\native\e376f236ea51e6404a007f0833ffe2c6e607c4080706a723a18a27aeea778392\windows-amd64\native-platform-file-events.dll
0x00007ffd5ec40000 - 0x00007ffd5ec49000 	D:\AndroidStudio\jbr\bin\management.dll
0x00007ffd5dfc0000 - 0x00007ffd5dfcb000 	D:\AndroidStudio\jbr\bin\management_ext.dll
0x00007ffd64db0000 - 0x00007ffd64db8000 	C:\WINDOWS\System32\PSAPI.DLL
0x00007ffd63970000 - 0x00007ffd6398b000 	C:\WINDOWS\SYSTEM32\CRYPTSP.dll
0x00007ffd63200000 - 0x00007ffd63235000 	C:\WINDOWS\system32\rsaenh.dll
0x00007ffd63810000 - 0x00007ffd6383c000 	C:\WINDOWS\SYSTEM32\USERENV.dll
0x00007ffd63bd0000 - 0x00007ffd63bf8000 	C:\WINDOWS\SYSTEM32\bcrypt.dll
0x00007ffd63990000 - 0x00007ffd6399c000 	C:\WINDOWS\SYSTEM32\CRYPTBASE.dll
0x00007ffd62d20000 - 0x00007ffd62d4d000 	C:\WINDOWS\SYSTEM32\IPHLPAPI.DLL
0x00007ffd65b80000 - 0x00007ffd65b89000 	C:\WINDOWS\System32\NSI.dll
0x00007ffd5d720000 - 0x00007ffd5d739000 	C:\WINDOWS\SYSTEM32\dhcpcsvc6.DLL
0x00007ffd5d5c0000 - 0x00007ffd5d5df000 	C:\WINDOWS\SYSTEM32\dhcpcsvc.DLL
0x00007ffd62d90000 - 0x00007ffd62e89000 	C:\WINDOWS\SYSTEM32\DNSAPI.dll
0x00007ffd5d1b0000 - 0x00007ffd5d1b8000 	C:\WINDOWS\system32\wshunix.dll
0x00007ffd5ca10000 - 0x00007ffd5ca1a000 	C:\Windows\System32\rasadhlp.dll
0x00007ffd5bb30000 - 0x00007ffd5bbb3000 	C:\WINDOWS\System32\fwpuclnt.dll

dbghelp: loaded successfully - version: 4.0.5 - missing functions: none
symbol engine: initialized successfully - sym options: 0x614 - pdb path: .;D:\AndroidStudio\jbr\bin;C:\WINDOWS\SYSTEM32;C:\WINDOWS\WinSxS\amd64_microsoft.windows.common-controls_6595b64144ccf1df_6.0.22621.2506_none_270c5ae97388e100;D:\AndroidStudio\jbr\bin\server;C:\Users\ttkky\.gradle\native\68d5fa5c4cc2d200863cafc0d521ce42e7d3e7ee720ec0a83991735586a16f82\windows-amd64;C:\Users\ttkky\.gradle\native\e376f236ea51e6404a007f0833ffe2c6e607c4080706a723a18a27aeea778392\windows-amd64

VM Arguments:
jvm_args: --add-opens=java.base/java.util=ALL-UNNAMED --add-opens=java.base/java.lang=ALL-UNNAMED --add-opens=java.base/java.lang.invoke=ALL-UNNAMED --add-opens=java.prefs/java.util.prefs=ALL-UNNAMED --add-opens=java.base/java.nio.charset=ALL-UNNAMED --add-opens=java.base/java.net=ALL-UNNAMED --add-opens=java.base/java.util.concurrent.atomic=ALL-UNNAMED -Xmx2048m -Dfile.encoding=UTF-8 -Duser.country=MY -Duser.language=en -Duser.variant 
java_command: org.gradle.launcher.daemon.bootstrap.GradleDaemon 8.0
java_class_path (initial): C:\Users\ttkky\.gradle\wrapper\dists\gradle-8.0-bin\ca5e32bp14vu59qr306oxotwh\gradle-8.0\lib\gradle-launcher-8.0.jar
Launcher Type: SUN_STANDARD

[Global flags]
     intx CICompilerCount                          = 4                                         {product} {ergonomic}
     uint ConcGCThreads                            = 3                                         {product} {ergonomic}
     uint G1ConcRefinementThreads                  = 10                                        {product} {ergonomic}
   size_t G1HeapRegionSize                         = 1048576                                   {product} {ergonomic}
    uintx GCDrainStackTargetSize                   = 64                                        {product} {ergonomic}
   size_t InitialHeapSize                          = 123731968                                 {product} {ergonomic}
   size_t MarkStackSize                            = 4194304                                   {product} {ergonomic}
   size_t MaxHeapSize                              = 2147483648                                {product} {command line}
   size_t MaxNewSize                               = 1287651328                                {product} {ergonomic}
   size_t MinHeapDeltaBytes                        = 1048576                                   {product} {ergonomic}
   size_t MinHeapSize                              = 8388608                                   {product} {ergonomic}
    uintx NonNMethodCodeHeapSize                   = 5839372                                {pd product} {ergonomic}
    uintx NonProfiledCodeHeapSize                  = 122909434                              {pd product} {ergonomic}
    uintx ProfiledCodeHeapSize                     = 122909434                              {pd product} {ergonomic}
    uintx ReservedCodeCacheSize                    = 251658240                              {pd product} {ergonomic}
     bool SegmentedCodeCache                       = true                                      {product} {ergonomic}
   size_t SoftMaxHeapSize                          = 2147483648                             {manageable} {ergonomic}
     bool UseCompressedClassPointers               = true                           {product lp64_product} {ergonomic}
     bool UseCompressedOops                        = true                           {product lp64_product} {ergonomic}
     bool UseG1GC                                  = true                                      {product} {ergonomic}
     bool UseLargePagesIndividualAllocation        = false                                  {pd product} {ergonomic}

Logging:
Log output configuration:
 #0: stdout all=warning uptime,level,tags
 #1: stderr all=off uptime,level,tags

Environment Variables:
JAVA_HOME=C:\Program Files\Java\jdk-17.0.5
PATH=C:\Program Files\Eclipse Adoptium\jdk-21.0.1.12-hotspot\bin;C:\Python312\Scripts\;C:\Python312\;C:\src\flutter\flutter\bin;C:\Program Files\Git\cmd;C:\Windows\System32;C:\Program Files\apache-maven-3.9.3\bin;C:\Program Files\Java\jdk-17.0.5\bin;C:\Program Files\Java\jdk-17.0.5\bin;C:\Program Files\javafx-sdk-20.0.2\bin;D:\MongoDBShell\mongosh-2.0.2-win32-x64\bin;C:\Program Files\nodejs\;C:\ProgramData\chocolatey\bin;C:\Program Files\Java\jdk-17.0.5\bin;C:\Users\ttkky\AppData\Local\Programs\Microsoft VS Code\bin;C:\Windows\System32;C:\Program Files\apache-maven-3.9.3\bin;C:\Program Files\Java\jdk-17.0.5\bin;C:\Program Files\javafx-sdk-20.0.2\bin;C:\Users\ttkky\AppData\Roaming\npm
USERNAME=ttkky
OS=Windows_NT
PROCESSOR_IDENTIFIER=AMD64 Family 23 Model 104 Stepping 1, AuthenticAMD
TMP=C:\Users\ttkky\AppData\Local\Temp
TEMP=C:\Users\ttkky\AppData\Local\Temp


JNI global refs:
JNI global refs: 29, weak refs: 8

JNI global refs memory usage: 843, weak refs: 841


---------------  S Y S T E M  ---------------

OS:
 Windows 11 , 64 bit Build 22621 (10.0.22621.2506)
OS uptime: 0 days 15:06 hours

CPU: total 12 (initial active 12) (12 cores per cpu, 2 threads per core) family 23 model 104 stepping 1 microcode 0x0, cx8, cmov, fxsr, ht, mmx, 3dnowpref, sse, sse2, sse3, ssse3, sse4a, sse4.1, sse4.2, popcnt, lzcnt, tsc, tscinvbit, avx, avx2, aes, clmul, bmi1, bmi2, adx, sha, fma, vzeroupper, clflush, clflushopt

Memory: 4k page, system-wide physical 7514M (476M free)
TotalPageFile size 20668M (AvailPageFile size 4M)
current process WorkingSet (physical memory assigned to process): 290M, peak: 290M
current process commit charge ("private bytes"): 333M, peak: 334M

vm_info: OpenJDK 64-Bit Server VM (17.0.6+0-b2043.56-10027231) for windows-amd64 JRE (17.0.6+0-b2043.56-10027231), built on Apr 28 2023 00:43:19 by "androidbuild" with MS VC++ 16.10 / 16.11 (VS2019)

END.
