#
# There is insufficient memory for the Java Runtime Environment to continue.
# Native memory allocation (malloc) failed to allocate 1549616 bytes for Chunk::new
# Possible reasons:
#   The system is out of physical RAM or swap space
#   The process is running with CompressedOops enabled, and the Java Heap may be blocking the growth of the native heap
# Possible solutions:
#   Reduce memory load on the system
#   Increase physical memory or swap space
#   Check if swap backing store is full
#   Decrease Java heap size (-Xmx/-Xms)
#   Decrease number of Java threads
#   Decrease Java thread stack sizes (-Xss)
#   Set larger code cache with -XX:ReservedCodeCacheSize=
#   JVM is running with Unscaled Compressed Oops mode in which the Java heap is
#     placed in the first 4GB address space. The Java Heap base address is the
#     maximum limit for the native heap growth. Please use -XX:HeapBaseMinAddress
#     to set the Java Heap base and to place the Java Heap above 4GB virtual address.
# This output file may be truncated or incomplete.
#
#  Out of Memory Error (arena.cpp:189), pid=2216, tid=292
#
# JRE version: Java(TM) SE Runtime Environment (17.0.5+9) (build 17.0.5+9-LTS-191)
# Java VM: Java HotSpot(TM) 64-Bit Server VM (17.0.5+9-LTS-191, mixed mode, sharing, tiered, compressed oops, compressed class ptrs, g1 gc, windows-amd64)
# No core dump will be written. Minidumps are not enabled by default on client versions of Windows
#

---------------  S U M M A R Y ------------

Command Line: -Dfile.encoding=utf8 c:\Users\ttkky\.vscode\extensions\vscjava.vscode-gradle-3.13.5\lib\gradle-language-server.jar

Host: AMD Ryzen 5 5500U with Radeon Graphics         , 12 cores, 7G,  Windows 11 , 64 bit Build 22621 (10.0.22621.3085)
Time: Tue Mar 12 23:23:31 2024 Malay Peninsula Standard Time elapsed time: 1.599812 seconds (0d 0h 0m 1s)

---------------  T H R E A D  ---------------

Current thread (0x000001a161024960):  JavaThread "C2 CompilerThread0" daemon [_thread_in_native, id=292, stack(0x0000005983100000,0x0000005983200000)]


Current CompileTask:
C2:   1600  648       4       java.nio.file.FileTreeIterator::fetchNextIfNeeded (65 bytes)

Stack: [0x0000005983100000,0x0000005983200000]
Native frames: (J=compiled Java code, j=interpreted, Vv=VM code, C=native code)
V  [jvm.dll+0x672eea]
V  [jvm.dll+0x7d2a04]
V  [jvm.dll+0x7d41ae]
V  [jvm.dll+0x7d4813]
V  [jvm.dll+0x242c15]
V  [jvm.dll+0xaa57b]
V  [jvm.dll+0xaab0c]
V  [jvm.dll+0x35ff42]
V  [jvm.dll+0x1b9ae8]
V  [jvm.dll+0x215e19]
V  [jvm.dll+0x2150e1]
V  [jvm.dll+0x1a18ed]
V  [jvm.dll+0x22493a]
V  [jvm.dll+0x222aa5]
V  [jvm.dll+0x7885db]
V  [jvm.dll+0x782b4a]
V  [jvm.dll+0x671d75]
C  [ucrtbase.dll+0x29363]
C  [KERNEL32.DLL+0x1257d]
C  [ntdll.dll+0x5aa58]


---------------  P R O C E S S  ---------------

Threads class SMR info:
_java_thread_list=0x000001a161cc02f0, length=12, elements={
0x000001a143060490, 0x000001a161007670, 0x000001a16100aa90, 0x000001a16101e930,
0x000001a16101f2e0, 0x000001a16101fc90, 0x000001a161020de0, 0x000001a161024960,
0x000001a1610238d0, 0x000001a16102b120, 0x000001a161cbc4d0, 0x000001a161cc2210
}

Java Threads: ( => current thread )
  0x000001a143060490 JavaThread "main" [_thread_in_native, id=12428, stack(0x0000005982400000,0x0000005982500000)]
  0x000001a161007670 JavaThread "Reference Handler" daemon [_thread_blocked, id=23412, stack(0x0000005982b00000,0x0000005982c00000)]
  0x000001a16100aa90 JavaThread "Finalizer" daemon [_thread_blocked, id=24548, stack(0x0000005982c00000,0x0000005982d00000)]
  0x000001a16101e930 JavaThread "Signal Dispatcher" daemon [_thread_blocked, id=10916, stack(0x0000005982d00000,0x0000005982e00000)]
  0x000001a16101f2e0 JavaThread "Attach Listener" daemon [_thread_blocked, id=12544, stack(0x0000005982e00000,0x0000005982f00000)]
  0x000001a16101fc90 JavaThread "Service Thread" daemon [_thread_blocked, id=21864, stack(0x0000005982f00000,0x0000005983000000)]
  0x000001a161020de0 JavaThread "Monitor Deflation Thread" daemon [_thread_blocked, id=5732, stack(0x0000005983000000,0x0000005983100000)]
=>0x000001a161024960 JavaThread "C2 CompilerThread0" daemon [_thread_in_native, id=292, stack(0x0000005983100000,0x0000005983200000)]
  0x000001a1610238d0 JavaThread "C1 CompilerThread0" daemon [_thread_blocked, id=2632, stack(0x0000005983200000,0x0000005983300000)]
  0x000001a16102b120 JavaThread "Sweeper thread" daemon [_thread_blocked, id=7872, stack(0x0000005983300000,0x0000005983400000)]
  0x000001a161cbc4d0 JavaThread "Notification Thread" daemon [_thread_blocked, id=24120, stack(0x0000005983400000,0x0000005983500000)]
  0x000001a161cc2210 JavaThread "Common-Cleaner" daemon [_thread_blocked, id=2920, stack(0x0000005983600000,0x0000005983700000)]

Other Threads:
  0x000001a160fffec0 VMThread "VM Thread" [stack: 0x0000005982a00000,0x0000005982b00000] [id=9372]
  0x000001a161cbfdc0 WatcherThread [stack: 0x0000005983500000,0x0000005983600000] [id=2000]
  0x000001a1430b76e0 GCTaskThread "GC Thread#0" [stack: 0x0000005982500000,0x0000005982600000] [id=23884]
  0x000001a1430c9140 ConcurrentGCThread "G1 Main Marker" [stack: 0x0000005982600000,0x0000005982700000] [id=9956]
  0x000001a1430c9b50 ConcurrentGCThread "G1 Conc#0" [stack: 0x0000005982700000,0x0000005982800000] [id=11596]
  0x000001a143129110 ConcurrentGCThread "G1 Refine#0" [stack: 0x0000005982800000,0x0000005982900000] [id=22652]
  0x000001a143129b30 ConcurrentGCThread "G1 Service" [stack: 0x0000005982900000,0x0000005982a00000] [id=10656]

Threads with active compile tasks:
C2 CompilerThread0     1628  648       4       java.nio.file.FileTreeIterator::fetchNextIfNeeded (65 bytes)

VM state: not at safepoint (normal execution)

VM Mutex/Monitor currently owned by a thread: None

Heap address: 0x000000008a800000, size: 1880 MB, Compressed Oops mode: 32-bit

CDS archive(s) mapped at: [0x0000000800000000-0x0000000800bd0000-0x0000000800bd0000), size 12386304, SharedBaseAddress: 0x0000000800000000, ArchiveRelocationMode: 0.
Compressed class space mapped at: 0x0000000800c00000-0x0000000840c00000, reserved size: 1073741824
Narrow klass base: 0x0000000800000000, Narrow klass shift: 0, Narrow klass range: 0x100000000

GC Precious Log:
 CPUs: 12 total, 12 available
 Memory: 7514M
 Large Page Support: Disabled
 NUMA Support: Disabled
 Compressed Oops: Enabled (32-bit)
 Heap Region Size: 1M
 Heap Min Capacity: 8M
 Heap Initial Capacity: 118M
 Heap Max Capacity: 1880M
 Pre-touch: Disabled
 Parallel Workers: 10
 Concurrent Workers: 3
 Concurrent Refinement Workers: 10
 Periodic GC: Disabled

Heap:
 garbage-first heap   total 120832K, used 12288K [0x000000008a800000, 0x0000000100000000)
  region size 1024K, 13 young (13312K), 0 survivors (0K)
 Metaspace       used 3155K, committed 3328K, reserved 1056768K
  class space    used 303K, committed 384K, reserved 1048576K

Heap Regions: E=young(eden), S=young(survivor), O=old, HS=humongous(starts), HC=humongous(continues), CS=collection set, F=free, OA=open archive, CA=closed archive, TAMS=top-at-mark-start (previous, next)
|   0|0x000000008a800000, 0x000000008a900000, 0x000000008a900000|100%|HS|  |TAMS 0x000000008a800000, 0x000000008a800000| Complete 
|   1|0x000000008a900000, 0x000000008a900000, 0x000000008aa00000|  0%| F|  |TAMS 0x000000008a900000, 0x000000008a900000| Untracked 
|   2|0x000000008aa00000, 0x000000008aa00000, 0x000000008ab00000|  0%| F|  |TAMS 0x000000008aa00000, 0x000000008aa00000| Untracked 
|   3|0x000000008ab00000, 0x000000008ab00000, 0x000000008ac00000|  0%| F|  |TAMS 0x000000008ab00000, 0x000000008ab00000| Untracked 
|   4|0x000000008ac00000, 0x000000008ac00000, 0x000000008ad00000|  0%| F|  |TAMS 0x000000008ac00000, 0x000000008ac00000| Untracked 
|   5|0x000000008ad00000, 0x000000008ad00000, 0x000000008ae00000|  0%| F|  |TAMS 0x000000008ad00000, 0x000000008ad00000| Untracked 
|   6|0x000000008ae00000, 0x000000008ae00000, 0x000000008af00000|  0%| F|  |TAMS 0x000000008ae00000, 0x000000008ae00000| Untracked 
|   7|0x000000008af00000, 0x000000008af00000, 0x000000008b000000|  0%| F|  |TAMS 0x000000008af00000, 0x000000008af00000| Untracked 
|   8|0x000000008b000000, 0x000000008b000000, 0x000000008b100000|  0%| F|  |TAMS 0x000000008b000000, 0x000000008b000000| Untracked 
|   9|0x000000008b100000, 0x000000008b100000, 0x000000008b200000|  0%| F|  |TAMS 0x000000008b100000, 0x000000008b100000| Untracked 
|  10|0x000000008b200000, 0x000000008b200000, 0x000000008b300000|  0%| F|  |TAMS 0x000000008b200000, 0x000000008b200000| Untracked 
|  11|0x000000008b300000, 0x000000008b300000, 0x000000008b400000|  0%| F|  |TAMS 0x000000008b300000, 0x000000008b300000| Untracked 
|  12|0x000000008b400000, 0x000000008b400000, 0x000000008b500000|  0%| F|  |TAMS 0x000000008b400000, 0x000000008b400000| Untracked 
|  13|0x000000008b500000, 0x000000008b500000, 0x000000008b600000|  0%| F|  |TAMS 0x000000008b500000, 0x000000008b500000| Untracked 
|  14|0x000000008b600000, 0x000000008b600000, 0x000000008b700000|  0%| F|  |TAMS 0x000000008b600000, 0x000000008b600000| Untracked 
|  15|0x000000008b700000, 0x000000008b700000, 0x000000008b800000|  0%| F|  |TAMS 0x000000008b700000, 0x000000008b700000| Untracked 
|  16|0x000000008b800000, 0x000000008b800000, 0x000000008b900000|  0%| F|  |TAMS 0x000000008b800000, 0x000000008b800000| Untracked 
|  17|0x000000008b900000, 0x000000008b900000, 0x000000008ba00000|  0%| F|  |TAMS 0x000000008b900000, 0x000000008b900000| Untracked 
|  18|0x000000008ba00000, 0x000000008ba00000, 0x000000008bb00000|  0%| F|  |TAMS 0x000000008ba00000, 0x000000008ba00000| Untracked 
|  19|0x000000008bb00000, 0x000000008bb00000, 0x000000008bc00000|  0%| F|  |TAMS 0x000000008bb00000, 0x000000008bb00000| Untracked 
|  20|0x000000008bc00000, 0x000000008bc00000, 0x000000008bd00000|  0%| F|  |TAMS 0x000000008bc00000, 0x000000008bc00000| Untracked 
|  21|0x000000008bd00000, 0x000000008bd00000, 0x000000008be00000|  0%| F|  |TAMS 0x000000008bd00000, 0x000000008bd00000| Untracked 
|  22|0x000000008be00000, 0x000000008be00000, 0x000000008bf00000|  0%| F|  |TAMS 0x000000008be00000, 0x000000008be00000| Untracked 
|  23|0x000000008bf00000, 0x000000008bf00000, 0x000000008c000000|  0%| F|  |TAMS 0x000000008bf00000, 0x000000008bf00000| Untracked 
|  24|0x000000008c000000, 0x000000008c000000, 0x000000008c100000|  0%| F|  |TAMS 0x000000008c000000, 0x000000008c000000| Untracked 
|  25|0x000000008c100000, 0x000000008c100000, 0x000000008c200000|  0%| F|  |TAMS 0x000000008c100000, 0x000000008c100000| Untracked 
|  26|0x000000008c200000, 0x000000008c200000, 0x000000008c300000|  0%| F|  |TAMS 0x000000008c200000, 0x000000008c200000| Untracked 
|  27|0x000000008c300000, 0x000000008c300000, 0x000000008c400000|  0%| F|  |TAMS 0x000000008c300000, 0x000000008c300000| Untracked 
|  28|0x000000008c400000, 0x000000008c400000, 0x000000008c500000|  0%| F|  |TAMS 0x000000008c400000, 0x000000008c400000| Untracked 
|  29|0x000000008c500000, 0x000000008c500000, 0x000000008c600000|  0%| F|  |TAMS 0x000000008c500000, 0x000000008c500000| Untracked 
|  30|0x000000008c600000, 0x000000008c600000, 0x000000008c700000|  0%| F|  |TAMS 0x000000008c600000, 0x000000008c600000| Untracked 
|  31|0x000000008c700000, 0x000000008c700000, 0x000000008c800000|  0%| F|  |TAMS 0x000000008c700000, 0x000000008c700000| Untracked 
|  32|0x000000008c800000, 0x000000008c800000, 0x000000008c900000|  0%| F|  |TAMS 0x000000008c800000, 0x000000008c800000| Untracked 
|  33|0x000000008c900000, 0x000000008c900000, 0x000000008ca00000|  0%| F|  |TAMS 0x000000008c900000, 0x000000008c900000| Untracked 
|  34|0x000000008ca00000, 0x000000008ca00000, 0x000000008cb00000|  0%| F|  |TAMS 0x000000008ca00000, 0x000000008ca00000| Untracked 
|  35|0x000000008cb00000, 0x000000008cb00000, 0x000000008cc00000|  0%| F|  |TAMS 0x000000008cb00000, 0x000000008cb00000| Untracked 
|  36|0x000000008cc00000, 0x000000008cc00000, 0x000000008cd00000|  0%| F|  |TAMS 0x000000008cc00000, 0x000000008cc00000| Untracked 
|  37|0x000000008cd00000, 0x000000008cd00000, 0x000000008ce00000|  0%| F|  |TAMS 0x000000008cd00000, 0x000000008cd00000| Untracked 
|  38|0x000000008ce00000, 0x000000008ce00000, 0x000000008cf00000|  0%| F|  |TAMS 0x000000008ce00000, 0x000000008ce00000| Untracked 
|  39|0x000000008cf00000, 0x000000008cf00000, 0x000000008d000000|  0%| F|  |TAMS 0x000000008cf00000, 0x000000008cf00000| Untracked 
|  40|0x000000008d000000, 0x000000008d000000, 0x000000008d100000|  0%| F|  |TAMS 0x000000008d000000, 0x000000008d000000| Untracked 
|  41|0x000000008d100000, 0x000000008d100000, 0x000000008d200000|  0%| F|  |TAMS 0x000000008d100000, 0x000000008d100000| Untracked 
|  42|0x000000008d200000, 0x000000008d200000, 0x000000008d300000|  0%| F|  |TAMS 0x000000008d200000, 0x000000008d200000| Untracked 
|  43|0x000000008d300000, 0x000000008d300000, 0x000000008d400000|  0%| F|  |TAMS 0x000000008d300000, 0x000000008d300000| Untracked 
|  44|0x000000008d400000, 0x000000008d400000, 0x000000008d500000|  0%| F|  |TAMS 0x000000008d400000, 0x000000008d400000| Untracked 
|  45|0x000000008d500000, 0x000000008d500000, 0x000000008d600000|  0%| F|  |TAMS 0x000000008d500000, 0x000000008d500000| Untracked 
|  46|0x000000008d600000, 0x000000008d600000, 0x000000008d700000|  0%| F|  |TAMS 0x000000008d600000, 0x000000008d600000| Untracked 
|  47|0x000000008d700000, 0x000000008d700000, 0x000000008d800000|  0%| F|  |TAMS 0x000000008d700000, 0x000000008d700000| Untracked 
|  48|0x000000008d800000, 0x000000008d800000, 0x000000008d900000|  0%| F|  |TAMS 0x000000008d800000, 0x000000008d800000| Untracked 
|  49|0x000000008d900000, 0x000000008d900000, 0x000000008da00000|  0%| F|  |TAMS 0x000000008d900000, 0x000000008d900000| Untracked 
|  50|0x000000008da00000, 0x000000008da00000, 0x000000008db00000|  0%| F|  |TAMS 0x000000008da00000, 0x000000008da00000| Untracked 
|  51|0x000000008db00000, 0x000000008db00000, 0x000000008dc00000|  0%| F|  |TAMS 0x000000008db00000, 0x000000008db00000| Untracked 
|  52|0x000000008dc00000, 0x000000008dc00000, 0x000000008dd00000|  0%| F|  |TAMS 0x000000008dc00000, 0x000000008dc00000| Untracked 
|  53|0x000000008dd00000, 0x000000008dd00000, 0x000000008de00000|  0%| F|  |TAMS 0x000000008dd00000, 0x000000008dd00000| Untracked 
|  54|0x000000008de00000, 0x000000008de00000, 0x000000008df00000|  0%| F|  |TAMS 0x000000008de00000, 0x000000008de00000| Untracked 
|  55|0x000000008df00000, 0x000000008df00000, 0x000000008e000000|  0%| F|  |TAMS 0x000000008df00000, 0x000000008df00000| Untracked 
|  56|0x000000008e000000, 0x000000008e000000, 0x000000008e100000|  0%| F|  |TAMS 0x000000008e000000, 0x000000008e000000| Untracked 
|  57|0x000000008e100000, 0x000000008e100000, 0x000000008e200000|  0%| F|  |TAMS 0x000000008e100000, 0x000000008e100000| Untracked 
|  58|0x000000008e200000, 0x000000008e200000, 0x000000008e300000|  0%| F|  |TAMS 0x000000008e200000, 0x000000008e200000| Untracked 
|  59|0x000000008e300000, 0x000000008e300000, 0x000000008e400000|  0%| F|  |TAMS 0x000000008e300000, 0x000000008e300000| Untracked 
|  60|0x000000008e400000, 0x000000008e400000, 0x000000008e500000|  0%| F|  |TAMS 0x000000008e400000, 0x000000008e400000| Untracked 
|  61|0x000000008e500000, 0x000000008e500000, 0x000000008e600000|  0%| F|  |TAMS 0x000000008e500000, 0x000000008e500000| Untracked 
|  62|0x000000008e600000, 0x000000008e600000, 0x000000008e700000|  0%| F|  |TAMS 0x000000008e600000, 0x000000008e600000| Untracked 
|  63|0x000000008e700000, 0x000000008e700000, 0x000000008e800000|  0%| F|  |TAMS 0x000000008e700000, 0x000000008e700000| Untracked 
|  64|0x000000008e800000, 0x000000008e800000, 0x000000008e900000|  0%| F|  |TAMS 0x000000008e800000, 0x000000008e800000| Untracked 
|  65|0x000000008e900000, 0x000000008e900000, 0x000000008ea00000|  0%| F|  |TAMS 0x000000008e900000, 0x000000008e900000| Untracked 
|  66|0x000000008ea00000, 0x000000008ea00000, 0x000000008eb00000|  0%| F|  |TAMS 0x000000008ea00000, 0x000000008ea00000| Untracked 
|  67|0x000000008eb00000, 0x000000008eb00000, 0x000000008ec00000|  0%| F|  |TAMS 0x000000008eb00000, 0x000000008eb00000| Untracked 
|  68|0x000000008ec00000, 0x000000008ec00000, 0x000000008ed00000|  0%| F|  |TAMS 0x000000008ec00000, 0x000000008ec00000| Untracked 
|  69|0x000000008ed00000, 0x000000008ed00000, 0x000000008ee00000|  0%| F|  |TAMS 0x000000008ed00000, 0x000000008ed00000| Untracked 
|  70|0x000000008ee00000, 0x000000008ee00000, 0x000000008ef00000|  0%| F|  |TAMS 0x000000008ee00000, 0x000000008ee00000| Untracked 
|  71|0x000000008ef00000, 0x000000008ef00000, 0x000000008f000000|  0%| F|  |TAMS 0x000000008ef00000, 0x000000008ef00000| Untracked 
|  72|0x000000008f000000, 0x000000008f000000, 0x000000008f100000|  0%| F|  |TAMS 0x000000008f000000, 0x000000008f000000| Untracked 
|  73|0x000000008f100000, 0x000000008f100000, 0x000000008f200000|  0%| F|  |TAMS 0x000000008f100000, 0x000000008f100000| Untracked 
|  74|0x000000008f200000, 0x000000008f200000, 0x000000008f300000|  0%| F|  |TAMS 0x000000008f200000, 0x000000008f200000| Untracked 
|  75|0x000000008f300000, 0x000000008f300000, 0x000000008f400000|  0%| F|  |TAMS 0x000000008f300000, 0x000000008f300000| Untracked 
|  76|0x000000008f400000, 0x000000008f400000, 0x000000008f500000|  0%| F|  |TAMS 0x000000008f400000, 0x000000008f400000| Untracked 
|  77|0x000000008f500000, 0x000000008f500000, 0x000000008f600000|  0%| F|  |TAMS 0x000000008f500000, 0x000000008f500000| Untracked 
|  78|0x000000008f600000, 0x000000008f600000, 0x000000008f700000|  0%| F|  |TAMS 0x000000008f600000, 0x000000008f600000| Untracked 
|  79|0x000000008f700000, 0x000000008f700000, 0x000000008f800000|  0%| F|  |TAMS 0x000000008f700000, 0x000000008f700000| Untracked 
|  80|0x000000008f800000, 0x000000008f800000, 0x000000008f900000|  0%| F|  |TAMS 0x000000008f800000, 0x000000008f800000| Untracked 
|  81|0x000000008f900000, 0x000000008f900000, 0x000000008fa00000|  0%| F|  |TAMS 0x000000008f900000, 0x000000008f900000| Untracked 
|  82|0x000000008fa00000, 0x000000008fa00000, 0x000000008fb00000|  0%| F|  |TAMS 0x000000008fa00000, 0x000000008fa00000| Untracked 
|  83|0x000000008fb00000, 0x000000008fb00000, 0x000000008fc00000|  0%| F|  |TAMS 0x000000008fb00000, 0x000000008fb00000| Untracked 
|  84|0x000000008fc00000, 0x000000008fc00000, 0x000000008fd00000|  0%| F|  |TAMS 0x000000008fc00000, 0x000000008fc00000| Untracked 
|  85|0x000000008fd00000, 0x000000008fd00000, 0x000000008fe00000|  0%| F|  |TAMS 0x000000008fd00000, 0x000000008fd00000| Untracked 
|  86|0x000000008fe00000, 0x000000008fe00000, 0x000000008ff00000|  0%| F|  |TAMS 0x000000008fe00000, 0x000000008fe00000| Untracked 
|  87|0x000000008ff00000, 0x000000008ff00000, 0x0000000090000000|  0%| F|  |TAMS 0x000000008ff00000, 0x000000008ff00000| Untracked 
|  88|0x0000000090000000, 0x0000000090000000, 0x0000000090100000|  0%| F|  |TAMS 0x0000000090000000, 0x0000000090000000| Untracked 
|  89|0x0000000090100000, 0x0000000090100000, 0x0000000090200000|  0%| F|  |TAMS 0x0000000090100000, 0x0000000090100000| Untracked 
|  90|0x0000000090200000, 0x0000000090200000, 0x0000000090300000|  0%| F|  |TAMS 0x0000000090200000, 0x0000000090200000| Untracked 
|  91|0x0000000090300000, 0x0000000090300000, 0x0000000090400000|  0%| F|  |TAMS 0x0000000090300000, 0x0000000090300000| Untracked 
|  92|0x0000000090400000, 0x0000000090400000, 0x0000000090500000|  0%| F|  |TAMS 0x0000000090400000, 0x0000000090400000| Untracked 
|  93|0x0000000090500000, 0x0000000090500000, 0x0000000090600000|  0%| F|  |TAMS 0x0000000090500000, 0x0000000090500000| Untracked 
|  94|0x0000000090600000, 0x0000000090600000, 0x0000000090700000|  0%| F|  |TAMS 0x0000000090600000, 0x0000000090600000| Untracked 
|  95|0x0000000090700000, 0x0000000090700000, 0x0000000090800000|  0%| F|  |TAMS 0x0000000090700000, 0x0000000090700000| Untracked 
|  96|0x0000000090800000, 0x0000000090800000, 0x0000000090900000|  0%| F|  |TAMS 0x0000000090800000, 0x0000000090800000| Untracked 
|  97|0x0000000090900000, 0x0000000090900000, 0x0000000090a00000|  0%| F|  |TAMS 0x0000000090900000, 0x0000000090900000| Untracked 
|  98|0x0000000090a00000, 0x0000000090a00000, 0x0000000090b00000|  0%| F|  |TAMS 0x0000000090a00000, 0x0000000090a00000| Untracked 
|  99|0x0000000090b00000, 0x0000000090b00000, 0x0000000090c00000|  0%| F|  |TAMS 0x0000000090b00000, 0x0000000090b00000| Untracked 
| 100|0x0000000090c00000, 0x0000000090c00000, 0x0000000090d00000|  0%| F|  |TAMS 0x0000000090c00000, 0x0000000090c00000| Untracked 
| 101|0x0000000090d00000, 0x0000000090d00000, 0x0000000090e00000|  0%| F|  |TAMS 0x0000000090d00000, 0x0000000090d00000| Untracked 
| 102|0x0000000090e00000, 0x0000000090e00000, 0x0000000090f00000|  0%| F|  |TAMS 0x0000000090e00000, 0x0000000090e00000| Untracked 
| 103|0x0000000090f00000, 0x0000000090f00000, 0x0000000091000000|  0%| F|  |TAMS 0x0000000090f00000, 0x0000000090f00000| Untracked 
| 104|0x0000000091000000, 0x0000000091000000, 0x0000000091100000|  0%| F|  |TAMS 0x0000000091000000, 0x0000000091000000| Untracked 
| 105|0x0000000091100000, 0x0000000091176448, 0x0000000091200000| 46%| E|  |TAMS 0x0000000091100000, 0x0000000091100000| Complete 
| 106|0x0000000091200000, 0x0000000091300000, 0x0000000091300000|100%| E|CS|TAMS 0x0000000091200000, 0x0000000091200000| Complete 
| 107|0x0000000091300000, 0x0000000091400000, 0x0000000091400000|100%| E|CS|TAMS 0x0000000091300000, 0x0000000091300000| Complete 
| 108|0x0000000091400000, 0x0000000091500000, 0x0000000091500000|100%| E|CS|TAMS 0x0000000091400000, 0x0000000091400000| Complete 
| 109|0x0000000091500000, 0x0000000091600000, 0x0000000091600000|100%| E|CS|TAMS 0x0000000091500000, 0x0000000091500000| Complete 
| 110|0x0000000091600000, 0x0000000091700000, 0x0000000091700000|100%| E|CS|TAMS 0x0000000091600000, 0x0000000091600000| Complete 
| 111|0x0000000091700000, 0x0000000091800000, 0x0000000091800000|100%| E|  |TAMS 0x0000000091700000, 0x0000000091700000| Complete 
| 112|0x0000000091800000, 0x0000000091900000, 0x0000000091900000|100%| E|CS|TAMS 0x0000000091800000, 0x0000000091800000| Complete 
| 113|0x0000000091900000, 0x0000000091a00000, 0x0000000091a00000|100%| E|CS|TAMS 0x0000000091900000, 0x0000000091900000| Complete 
| 114|0x0000000091a00000, 0x0000000091b00000, 0x0000000091b00000|100%| E|CS|TAMS 0x0000000091a00000, 0x0000000091a00000| Complete 
| 115|0x0000000091b00000, 0x0000000091c00000, 0x0000000091c00000|100%| E|CS|TAMS 0x0000000091b00000, 0x0000000091b00000| Complete 
| 116|0x0000000091c00000, 0x0000000091d00000, 0x0000000091d00000|100%| E|CS|TAMS 0x0000000091c00000, 0x0000000091c00000| Complete 
| 117|0x0000000091d00000, 0x0000000091e00000, 0x0000000091e00000|100%| E|CS|TAMS 0x0000000091d00000, 0x0000000091d00000| Complete 

Card table byte_map: [0x000001a15a1d0000,0x000001a15a580000] _byte_map_base: 0x000001a159d7c000

Marking Bits (Prev, Next): (CMBitMap*) 0x000001a1430b9d10, (CMBitMap*) 0x000001a1430b9d50
 Prev Bits: [0x000001a15a930000, 0x000001a15c690000)
 Next Bits: [0x000001a15c690000, 0x000001a15e3f0000)

Polling page: 0x000001a140e80000

Metaspace:

Usage:
  Non-class:      2.79 MB used.
      Class:    303.34 KB used.
       Both:      3.08 MB used.

Virtual space:
  Non-class space:        8.00 MB reserved,       2.88 MB ( 36%) committed,  1 nodes.
      Class space:        1.00 GB reserved,     384.00 KB ( <1%) committed,  1 nodes.
             Both:        1.01 GB reserved,       3.25 MB ( <1%) committed. 

Chunk freelists:
   Non-Class:  3.59 MB
       Class:  3.67 MB
        Both:  7.26 MB

MaxMetaspaceSize: unlimited
CompressedClassSpaceSize: 1.00 GB
Initial GC threshold: 21.00 MB
Current GC threshold: 21.00 MB
CDS: on
MetaspaceReclaimPolicy: balanced
 - commit_granule_bytes: 65536.
 - commit_granule_words: 8192.
 - virtual_space_node_default_size: 1048576.
 - enlarge_chunks_in_place: 1.
 - new_chunks_are_fully_committed: 0.
 - uncommit_free_chunks: 1.
 - use_allocation_guard: 0.
 - handle_deallocations: 1.


Internal statistics:

num_allocs_failed_limit: 0.
num_arena_births: 10.
num_arena_deaths: 0.
num_vsnodes_births: 2.
num_vsnodes_deaths: 0.
num_space_committed: 52.
num_space_uncommitted: 0.
num_chunks_returned_to_freelist: 0.
num_chunks_taken_from_freelist: 30.
num_chunk_merges: 0.
num_chunk_splits: 24.
num_chunks_enlarged: 25.
num_purges: 0.
num_inconsistent_stats: 0.

CodeHeap 'non-profiled nmethods': size=120000Kb used=206Kb max_used=206Kb free=119793Kb
 bounds [0x000001a1523a0000, 0x000001a152610000, 0x000001a1598d0000]
CodeHeap 'profiled nmethods': size=120000Kb used=1180Kb max_used=1180Kb free=118819Kb
 bounds [0x000001a14ae70000, 0x000001a14b0e0000, 0x000001a1523a0000]
CodeHeap 'non-nmethods': size=5760Kb used=1132Kb max_used=1154Kb free=4627Kb
 bounds [0x000001a14a8d0000, 0x000001a14ab40000, 0x000001a14ae70000]
 total_blobs=1062 nmethods=647 adapters=328
 compilation: enabled
              stopped_count=0, restarted_count=0
 full_count=0

Compilation events (20 events):
Event: 0.847 Thread 0x000001a1610238d0 nmethod 638 0x000001a14af8f010 code [0x000001a14af8f2a0, 0x000001a14af90158]
Event: 0.847 Thread 0x000001a1610238d0  639       3       sun.nio.fs.WindowsPath::isAbsolute (26 bytes)
Event: 0.847 Thread 0x000001a1610238d0 nmethod 639 0x000001a14af90590 code [0x000001a14af90720, 0x000001a14af908d8]
Event: 0.847 Thread 0x000001a1610238d0  640   !   3       sun.nio.fs.WindowsDirectoryStream::<init> (175 bytes)
Event: 0.849 Thread 0x000001a1610238d0 nmethod 640 0x000001a14af90990 code [0x000001a14af90d80, 0x000001a14af92658]
Event: 0.849 Thread 0x000001a1610238d0  641       3       sun.nio.fs.WindowsDirectoryStream$WindowsDirectoryIterator::<init> (73 bytes)
Event: 0.849 Thread 0x000001a1610238d0 nmethod 641 0x000001a14af93210 code [0x000001a14af93460, 0x000001a14af93df8]
Event: 0.857 Thread 0x000001a1610238d0  642       3       sun.nio.fs.WindowsNativeDispatcher::asNativeBuffer (103 bytes)
Event: 0.858 Thread 0x000001a1610238d0 nmethod 642 0x000001a14af94110 code [0x000001a14af94380, 0x000001a14af94d38]
Event: 0.898 Thread 0x000001a1610238d0  643       3       com.microsoft.gradle.utils.Utils$$Lambda$18/0x0000000800c12560::apply (8 bytes)
Event: 0.899 Thread 0x000001a1610238d0 nmethod 643 0x000001a14af95090 code [0x000001a14af95240, 0x000001a14af955a8]
Event: 0.899 Thread 0x000001a1610238d0  644       3       com.microsoft.gradle.utils.Utils::lambda$listAllFiles$3 (7 bytes)
Event: 0.899 Thread 0x000001a1610238d0 nmethod 644 0x000001a14af95710 code [0x000001a14af958c0, 0x000001a14af95aa8]
Event: 1.067 Thread 0x000001a1610238d0  645       3       java.util.stream.ReduceOps$3ReducingSink::accept (15 bytes)
Event: 1.068 Thread 0x000001a1610238d0 nmethod 645 0x000001a14af95b90 code [0x000001a14af95d80, 0x000001a14af963e8]
Event: 1.068 Thread 0x000001a1610238d0  646       3       java.util.stream.Collectors$$Lambda$20/0x0000000800c791a0::accept (14 bytes)
Event: 1.068 Thread 0x000001a1610238d0 nmethod 646 0x000001a14af96690 code [0x000001a14af96860, 0x000001a14af96e28]
Event: 1.101 Thread 0x000001a161024960  647       4       sun.nio.fs.WindowsPath$WindowsPathWithAttributes::getFileSystem (5 bytes)
Event: 1.101 Thread 0x000001a161024960 nmethod 647 0x000001a1523d3710 code [0x000001a1523d3880, 0x000001a1523d38f8]
Event: 1.137 Thread 0x000001a161024960  648       4       java.nio.file.FileTreeIterator::fetchNextIfNeeded (65 bytes)

GC Heap History (0 events):
No events

Deoptimization events (8 events):
Event: 0.283 Thread 0x000001a143060490 DEOPT PACKING pc=0x000001a14aea262c sp=0x00000059824fbfd0
Event: 0.283 Thread 0x000001a143060490 DEOPT UNPACKING pc=0x000001a14a922b43 sp=0x00000059824fb480 mode 0
Event: 0.342 Thread 0x000001a143060490 Uncommon trap: trap_request=0xffffff45 fr.pc=0x000001a1523ba77c relative=0x000000000000115c
Event: 0.342 Thread 0x000001a143060490 Uncommon trap: reason=unstable_if action=reinterpret pc=0x000001a1523ba77c method=java.util.HashMap.putVal(ILjava/lang/Object;Ljava/lang/Object;ZZ)Ljava/lang/Object; @ 69 c2
Event: 0.342 Thread 0x000001a143060490 DEOPT PACKING pc=0x000001a1523ba77c sp=0x00000059824fbef0
Event: 0.342 Thread 0x000001a143060490 DEOPT UNPACKING pc=0x000001a14a9223a3 sp=0x00000059824fbea0 mode 2
Event: 0.612 Thread 0x000001a143060490 DEOPT PACKING pc=0x000001a14af5dd88 sp=0x00000059824fe7f0
Event: 0.612 Thread 0x000001a143060490 DEOPT UNPACKING pc=0x000001a14a922b43 sp=0x00000059824fdcf8 mode 0

Classes unloaded (0 events):
No events

Classes redefined (0 events):
No events

Internal exceptions (1 events):
Event: 0.482 Thread 0x000001a143060490 Exception <a 'java/lang/NoSuchMethodError'{0x0000000091680cb0}: 'void java.lang.invoke.DirectMethodHandle$Holder.invokeVirtual(java.lang.Object, java.lang.Object)'> (0x0000000091680cb0) 
thrown [s\open\src\hotspot\share\interpreter\linkResolver.cpp, line 759]

VM Operations (6 events):
Event: 0.094 Executing VM operation: HandshakeAllThreads
Event: 0.094 Executing VM operation: HandshakeAllThreads done
Event: 0.175 Executing VM operation: HandshakeAllThreads
Event: 0.175 Executing VM operation: HandshakeAllThreads done
Event: 1.188 Executing VM operation: Cleanup
Event: 1.188 Executing VM operation: Cleanup done

Events (20 events):
Event: 0.478 loading class java/nio/file/DirectoryStream$Filter
Event: 0.478 loading class java/nio/file/DirectoryStream$Filter done
Event: 0.478 loading class java/nio/file/Files$AcceptAllFilter done
Event: 0.478 loading class sun/nio/fs/WindowsDirectoryStream
Event: 0.479 loading class java/nio/file/DirectoryStream
Event: 0.479 loading class java/nio/file/DirectoryStream done
Event: 0.479 loading class sun/nio/fs/WindowsDirectoryStream done
Event: 0.480 loading class java/nio/file/FileTreeWalker$DirectoryNode
Event: 0.480 loading class java/nio/file/FileTreeWalker$DirectoryNode done
Event: 0.480 loading class sun/nio/fs/WindowsDirectoryStream$WindowsDirectoryIterator
Event: 0.480 loading class sun/nio/fs/WindowsDirectoryStream$WindowsDirectoryIterator done
Event: 0.480 loading class java/nio/file/FileTreeWalker$Event
Event: 0.480 loading class java/nio/file/FileTreeWalker$Event done
Event: 0.480 loading class java/nio/file/FileTreeWalker$EventType
Event: 0.481 loading class java/nio/file/FileTreeWalker$EventType done
Event: 0.495 loading class sun/nio/fs/WindowsPath$WindowsPathWithAttributes
Event: 0.495 loading class sun/nio/fs/BasicFileAttributesHolder
Event: 0.496 loading class sun/nio/fs/BasicFileAttributesHolder done
Event: 0.496 loading class sun/nio/fs/WindowsPath$WindowsPathWithAttributes done
Event: 0.580 Thread 0x000001a161f282b0 Thread exited: 0x000001a161f282b0


Dynamic libraries:
0x00007ff731020000 - 0x00007ff731030000 	C:\Program Files\Java\jdk-17.0.5\bin\java.exe
0x00007ffc13810000 - 0x00007ffc13a27000 	C:\WINDOWS\SYSTEM32\ntdll.dll
0x00007ffc12940000 - 0x00007ffc12a04000 	C:\WINDOWS\System32\KERNEL32.DLL
0x00007ffc10dc0000 - 0x00007ffc11166000 	C:\WINDOWS\System32\KERNELBASE.dll
0x00007ffc11170000 - 0x00007ffc11281000 	C:\WINDOWS\System32\ucrtbase.dll
0x00007ffbffce0000 - 0x00007ffbffcfa000 	C:\Program Files\Java\jdk-17.0.5\bin\VCRUNTIME140.dll
0x00007ffc03fc0000 - 0x00007ffc03fd8000 	C:\Program Files\Java\jdk-17.0.5\bin\jli.dll
0x00007ffc11900000 - 0x00007ffc119b3000 	C:\WINDOWS\System32\ADVAPI32.dll
0x00007ffc12550000 - 0x00007ffc125f7000 	C:\WINDOWS\System32\msvcrt.dll
0x00007ffc11760000 - 0x00007ffc11808000 	C:\WINDOWS\System32\sechost.dll
0x00007ffc10bf0000 - 0x00007ffc10c18000 	C:\WINDOWS\System32\bcrypt.dll
0x00007ffc12430000 - 0x00007ffc12547000 	C:\WINDOWS\System32\RPCRT4.dll
0x00007ffc12790000 - 0x00007ffc1293e000 	C:\WINDOWS\System32\USER32.dll
0x00007ffc10b50000 - 0x00007ffc10b76000 	C:\WINDOWS\System32\win32u.dll
0x00007ffc12cd0000 - 0x00007ffc12cf9000 	C:\WINDOWS\System32\GDI32.dll
0x00007ffc10ca0000 - 0x00007ffc10db8000 	C:\WINDOWS\System32\gdi32full.dll
0x00007ffc08480000 - 0x00007ffc08713000 	C:\WINDOWS\WinSxS\amd64_microsoft.windows.common-controls_6595b64144ccf1df_6.0.22621.2506_none_270c5ae97388e100\COMCTL32.dll
0x00007ffc11290000 - 0x00007ffc1132a000 	C:\WINDOWS\System32\msvcp_win.dll
0x00007ffc088d0000 - 0x00007ffc088da000 	C:\WINDOWS\SYSTEM32\VERSION.dll
0x00007ffc11720000 - 0x00007ffc11751000 	C:\WINDOWS\System32\IMM32.DLL
0x00007ffbffbd0000 - 0x00007ffbffbdc000 	C:\Program Files\Java\jdk-17.0.5\bin\vcruntime140_1.dll
0x00007ffbceb10000 - 0x00007ffbceb9d000 	C:\Program Files\Java\jdk-17.0.5\bin\msvcp140.dll
0x00007ffba5390000 - 0x00007ffba5f52000 	C:\Program Files\Java\jdk-17.0.5\bin\server\jvm.dll
0x00007ffc11810000 - 0x00007ffc11818000 	C:\WINDOWS\System32\PSAPI.DLL
0x00007ffc08760000 - 0x00007ffc08769000 	C:\WINDOWS\SYSTEM32\WSOCK32.dll
0x00007ffc133c0000 - 0x00007ffc13431000 	C:\WINDOWS\System32\WS2_32.dll
0x00007ffc0abd0000 - 0x00007ffc0ac04000 	C:\WINDOWS\SYSTEM32\WINMM.dll
0x00007ffc0fb90000 - 0x00007ffc0fba8000 	C:\WINDOWS\SYSTEM32\kernel.appcore.dll
0x00007ffbffbc0000 - 0x00007ffbffbca000 	C:\Program Files\Java\jdk-17.0.5\bin\jimage.dll
0x00007ffc0e590000 - 0x00007ffc0e7c3000 	C:\WINDOWS\SYSTEM32\DBGHELP.DLL
0x00007ffc13440000 - 0x00007ffc137c9000 	C:\WINDOWS\System32\combase.dll
0x00007ffc11820000 - 0x00007ffc118f7000 	C:\WINDOWS\System32\OLEAUT32.dll
0x00007ffc08c80000 - 0x00007ffc08cb2000 	C:\WINDOWS\SYSTEM32\dbgcore.DLL
0x00007ffc10c20000 - 0x00007ffc10c9a000 	C:\WINDOWS\System32\bcryptPrimitives.dll
0x00007ffbd6490000 - 0x00007ffbd64b5000 	C:\Program Files\Java\jdk-17.0.5\bin\java.dll
0x00007ffbbfb10000 - 0x00007ffbbfbe6000 	C:\Program Files\Java\jdk-17.0.5\bin\jsvml.dll
0x00007ffc11b80000 - 0x00007ffc123db000 	C:\WINDOWS\System32\SHELL32.dll
0x00007ffc0eab0000 - 0x00007ffc0f3a6000 	C:\WINDOWS\SYSTEM32\windows.storage.dll
0x00007ffc0e970000 - 0x00007ffc0eaae000 	C:\WINDOWS\SYSTEM32\wintypes.dll
0x00007ffc12bd0000 - 0x00007ffc12cc3000 	C:\WINDOWS\System32\SHCORE.dll
0x00007ffc12d00000 - 0x00007ffc12d5e000 	C:\WINDOWS\System32\shlwapi.dll
0x00007ffc10a80000 - 0x00007ffc10aa6000 	C:\WINDOWS\SYSTEM32\profapi.dll
0x00007ffbff040000 - 0x00007ffbff059000 	C:\Program Files\Java\jdk-17.0.5\bin\net.dll
0x00007ffc0ac50000 - 0x00007ffc0ad87000 	C:\WINDOWS\SYSTEM32\WINHTTP.dll
0x00007ffc10080000 - 0x00007ffc100e9000 	C:\WINDOWS\system32\mswsock.dll
0x00007ffbf1600000 - 0x00007ffbf1616000 	C:\Program Files\Java\jdk-17.0.5\bin\nio.dll
0x00007ffbe2940000 - 0x00007ffbe2958000 	C:\Program Files\Java\jdk-17.0.5\bin\zip.dll

dbghelp: loaded successfully - version: 4.0.5 - missing functions: none
symbol engine: initialized successfully - sym options: 0x614 - pdb path: .;C:\Program Files\Java\jdk-17.0.5\bin;C:\WINDOWS\SYSTEM32;C:\WINDOWS\WinSxS\amd64_microsoft.windows.common-controls_6595b64144ccf1df_6.0.22621.2506_none_270c5ae97388e100;C:\Program Files\Java\jdk-17.0.5\bin\server

VM Arguments:
jvm_args: -Dfile.encoding=utf8 
java_command: c:\Users\ttkky\.vscode\extensions\vscjava.vscode-gradle-3.13.5\lib\gradle-language-server.jar
java_class_path (initial): c:\Users\ttkky\.vscode\extensions\vscjava.vscode-gradle-3.13.5\lib\gradle-language-server.jar
Launcher Type: SUN_STANDARD

[Global flags]
     intx CICompilerCount                          = 4                                         {product} {ergonomic}
     uint ConcGCThreads                            = 3                                         {product} {ergonomic}
     uint G1ConcRefinementThreads                  = 10                                        {product} {ergonomic}
   size_t G1HeapRegionSize                         = 1048576                                   {product} {ergonomic}
    uintx GCDrainStackTargetSize                   = 64                                        {product} {ergonomic}
   size_t InitialHeapSize                          = 123731968                                 {product} {ergonomic}
   size_t MarkStackSize                            = 4194304                                   {product} {ergonomic}
   size_t MaxHeapSize                              = 1971322880                                {product} {ergonomic}
   size_t MaxNewSize                               = 1182793728                                {product} {ergonomic}
   size_t MinHeapDeltaBytes                        = 1048576                                   {product} {ergonomic}
   size_t MinHeapSize                              = 8388608                                   {product} {ergonomic}
    uintx NonNMethodCodeHeapSize                   = 5839372                                {pd product} {ergonomic}
    uintx NonProfiledCodeHeapSize                  = 122909434                              {pd product} {ergonomic}
    uintx ProfiledCodeHeapSize                     = 122909434                              {pd product} {ergonomic}
    uintx ReservedCodeCacheSize                    = 251658240                              {pd product} {ergonomic}
     bool SegmentedCodeCache                       = true                                      {product} {ergonomic}
   size_t SoftMaxHeapSize                          = 1971322880                             {manageable} {ergonomic}
     bool UseCompressedClassPointers               = true                           {product lp64_product} {ergonomic}
     bool UseCompressedOops                        = true                           {product lp64_product} {ergonomic}
     bool UseG1GC                                  = true                                      {product} {ergonomic}
     bool UseLargePagesIndividualAllocation        = false                                  {pd product} {ergonomic}

Logging:
Log output configuration:
 #0: stdout all=warning uptime,level,tags
 #1: stderr all=off uptime,level,tags

Environment Variables:
JAVA_HOME=C:\Program Files\Java\jdk-17.0.5
PATH=C:\Python312\Scripts\;C:\Python312\;C:\Program Files\Eclipse Adoptium\jdk-21.0.1.12-hotspot\bin;C:\src\flutter\flutter\bin;C:\Program Files\Git\cmd;C:\Windows\System32;C:\Program Files\apache-maven-3.9.3\bin;C:\Program Files\Java\jdk-17.0.5\bin;C:\Program Files\Java\jdk-17.0.5\bin;C:\Program Files\javafx-sdk-20.0.2\bin;D:\MongoDBShell\mongosh-2.0.2-win32-x64\bin;C:\ProgramData\chocolatey\bin;C:\Program Files\nodejs\;C:\Program Files\Java\jdk-17.0.5\bin;C:\Users\ttkky\AppData\Local\Programs\Microsoft VS Code\bin;C:\Windows\System32;C:\Program Files\apache-maven-3.9.3\bin;C:\Program Files\Java\jdk-17.0.5\bin;C:\Program Files\javafx-sdk-20.0.2\bin;C:\Users\ttkky\AppData\Roaming\npm
USERNAME=ttkky
OS=Windows_NT
PROCESSOR_IDENTIFIER=AMD64 Family 23 Model 104 Stepping 1, AuthenticAMD



---------------  S Y S T E M  ---------------

OS:
 Windows 11 , 64 bit Build 22621 (10.0.22621.3085)
OS uptime: 1 days 22:24 hours

CPU: total 12 (initial active 12) (12 cores per cpu, 2 threads per core) family 23 model 104 stepping 1 microcode 0x0, cx8, cmov, fxsr, ht, mmx, 3dnowpref, sse, sse2, sse3, ssse3, sse4a, sse4.1, sse4.2, popcnt, lzcnt, tsc, tscinvbit, avx, avx2, aes, clmul, bmi1, bmi2, adx, sha, fma, vzeroupper, clflush, clflushopt

Memory: 4k page, system-wide physical 7514M (334M free)
TotalPageFile size 20668M (AvailPageFile size 3M)
current process WorkingSet (physical memory assigned to process): 70M, peak: 72M
current process commit charge ("private bytes"): 227M, peak: 231M

vm_info: Java HotSpot(TM) 64-Bit Server VM (17.0.5+9-LTS-191) for windows-amd64 JRE (17.0.5+9-LTS-191), built on Sep 13 2022 17:31:43 by "mach5one" with MS VC++ 16.8 / 16.9 (VS2019)

END.
